ARM GAS  C:\Users\HP-Admin\AppData\Local\Temp\cceYwawf.s 			page 1


   1              		.cpu cortex-m4
   2              		.arch armv7e-m
   3              		.fpu fpv4-sp-d16
   4              		.eabi_attribute 27, 1
   5              		.eabi_attribute 28, 1
   6              		.eabi_attribute 20, 1
   7              		.eabi_attribute 21, 1
   8              		.eabi_attribute 23, 3
   9              		.eabi_attribute 24, 1
  10              		.eabi_attribute 25, 1
  11              		.eabi_attribute 26, 1
  12              		.eabi_attribute 30, 1
  13              		.eabi_attribute 34, 1
  14              		.eabi_attribute 18, 4
  15              		.file	"usbd_cdc_if.c"
  16              		.text
  17              	.Ltext0:
  18              		.cfi_sections	.debug_frame
  19              		.section	.text.CDC_DeInit_FS,"ax",%progbits
  20              		.align	1
  21              		.syntax unified
  22              		.thumb
  23              		.thumb_func
  25              	CDC_DeInit_FS:
  26              	.LFB139:
  27              		.file 1 "USB_DEVICE/App/usbd_cdc_if.c"
   1:USB_DEVICE/App/usbd_cdc_if.c **** /* USER CODE BEGIN Header */
   2:USB_DEVICE/App/usbd_cdc_if.c **** /**
   3:USB_DEVICE/App/usbd_cdc_if.c ****   ******************************************************************************
   4:USB_DEVICE/App/usbd_cdc_if.c ****   * @file           : usbd_cdc_if.c
   5:USB_DEVICE/App/usbd_cdc_if.c ****   * @version        : v1.0_Cube
   6:USB_DEVICE/App/usbd_cdc_if.c ****   * @brief          : Usb device for Virtual Com Port.
   7:USB_DEVICE/App/usbd_cdc_if.c ****   ******************************************************************************
   8:USB_DEVICE/App/usbd_cdc_if.c ****   * @attention
   9:USB_DEVICE/App/usbd_cdc_if.c ****   *
  10:USB_DEVICE/App/usbd_cdc_if.c ****   * Copyright (c) 2025 STMicroelectronics.
  11:USB_DEVICE/App/usbd_cdc_if.c ****   * All rights reserved.
  12:USB_DEVICE/App/usbd_cdc_if.c ****   *
  13:USB_DEVICE/App/usbd_cdc_if.c ****   * This software is licensed under terms that can be found in the LICENSE file
  14:USB_DEVICE/App/usbd_cdc_if.c ****   * in the root directory of this software component.
  15:USB_DEVICE/App/usbd_cdc_if.c ****   * If no LICENSE file comes with this software, it is provided AS-IS.
  16:USB_DEVICE/App/usbd_cdc_if.c ****   *
  17:USB_DEVICE/App/usbd_cdc_if.c ****   ******************************************************************************
  18:USB_DEVICE/App/usbd_cdc_if.c ****   */
  19:USB_DEVICE/App/usbd_cdc_if.c **** /* USER CODE END Header */
  20:USB_DEVICE/App/usbd_cdc_if.c **** 
  21:USB_DEVICE/App/usbd_cdc_if.c **** /* Includes ------------------------------------------------------------------*/
  22:USB_DEVICE/App/usbd_cdc_if.c **** #include "usbd_cdc_if.h"
  23:USB_DEVICE/App/usbd_cdc_if.c **** 
  24:USB_DEVICE/App/usbd_cdc_if.c **** /* USER CODE BEGIN INCLUDE */
  25:USB_DEVICE/App/usbd_cdc_if.c **** extern void Isp_forward_data(const uint8_t* data, uint32_t len);
  26:USB_DEVICE/App/usbd_cdc_if.c **** /* USER CODE END INCLUDE */
  27:USB_DEVICE/App/usbd_cdc_if.c **** 
  28:USB_DEVICE/App/usbd_cdc_if.c **** /* Private typedef -----------------------------------------------------------*/
  29:USB_DEVICE/App/usbd_cdc_if.c **** /* Private define ------------------------------------------------------------*/
  30:USB_DEVICE/App/usbd_cdc_if.c **** /* Private macro -------------------------------------------------------------*/
  31:USB_DEVICE/App/usbd_cdc_if.c **** 
ARM GAS  C:\Users\HP-Admin\AppData\Local\Temp\cceYwawf.s 			page 2


  32:USB_DEVICE/App/usbd_cdc_if.c **** /* USER CODE BEGIN PV */
  33:USB_DEVICE/App/usbd_cdc_if.c **** /* Private variables ---------------------------------------------------------*/
  34:USB_DEVICE/App/usbd_cdc_if.c **** 
  35:USB_DEVICE/App/usbd_cdc_if.c **** /* USER CODE END PV */
  36:USB_DEVICE/App/usbd_cdc_if.c **** 
  37:USB_DEVICE/App/usbd_cdc_if.c **** /** @addtogroup STM32_USB_OTG_DEVICE_LIBRARY
  38:USB_DEVICE/App/usbd_cdc_if.c ****   * @brief Usb device library.
  39:USB_DEVICE/App/usbd_cdc_if.c ****   * @{
  40:USB_DEVICE/App/usbd_cdc_if.c ****   */
  41:USB_DEVICE/App/usbd_cdc_if.c **** 
  42:USB_DEVICE/App/usbd_cdc_if.c **** /** @addtogroup USBD_CDC_IF
  43:USB_DEVICE/App/usbd_cdc_if.c ****   * @{
  44:USB_DEVICE/App/usbd_cdc_if.c ****   */
  45:USB_DEVICE/App/usbd_cdc_if.c **** 
  46:USB_DEVICE/App/usbd_cdc_if.c **** /** @defgroup USBD_CDC_IF_Private_TypesDefinitions USBD_CDC_IF_Private_TypesDefinitions
  47:USB_DEVICE/App/usbd_cdc_if.c ****   * @brief Private types.
  48:USB_DEVICE/App/usbd_cdc_if.c ****   * @{
  49:USB_DEVICE/App/usbd_cdc_if.c ****   */
  50:USB_DEVICE/App/usbd_cdc_if.c **** 
  51:USB_DEVICE/App/usbd_cdc_if.c **** /* USER CODE BEGIN PRIVATE_TYPES */
  52:USB_DEVICE/App/usbd_cdc_if.c **** 
  53:USB_DEVICE/App/usbd_cdc_if.c **** /* USER CODE END PRIVATE_TYPES */
  54:USB_DEVICE/App/usbd_cdc_if.c **** 
  55:USB_DEVICE/App/usbd_cdc_if.c **** /**
  56:USB_DEVICE/App/usbd_cdc_if.c ****   * @}
  57:USB_DEVICE/App/usbd_cdc_if.c ****   */
  58:USB_DEVICE/App/usbd_cdc_if.c **** 
  59:USB_DEVICE/App/usbd_cdc_if.c **** /** @defgroup USBD_CDC_IF_Private_Defines USBD_CDC_IF_Private_Defines
  60:USB_DEVICE/App/usbd_cdc_if.c ****   * @brief Private defines.
  61:USB_DEVICE/App/usbd_cdc_if.c ****   * @{
  62:USB_DEVICE/App/usbd_cdc_if.c ****   */
  63:USB_DEVICE/App/usbd_cdc_if.c **** 
  64:USB_DEVICE/App/usbd_cdc_if.c **** /* USER CODE BEGIN PRIVATE_DEFINES */
  65:USB_DEVICE/App/usbd_cdc_if.c **** /* USER CODE END PRIVATE_DEFINES */
  66:USB_DEVICE/App/usbd_cdc_if.c **** 
  67:USB_DEVICE/App/usbd_cdc_if.c **** /**
  68:USB_DEVICE/App/usbd_cdc_if.c ****   * @}
  69:USB_DEVICE/App/usbd_cdc_if.c ****   */
  70:USB_DEVICE/App/usbd_cdc_if.c **** 
  71:USB_DEVICE/App/usbd_cdc_if.c **** /** @defgroup USBD_CDC_IF_Private_Macros USBD_CDC_IF_Private_Macros
  72:USB_DEVICE/App/usbd_cdc_if.c ****   * @brief Private macros.
  73:USB_DEVICE/App/usbd_cdc_if.c ****   * @{
  74:USB_DEVICE/App/usbd_cdc_if.c ****   */
  75:USB_DEVICE/App/usbd_cdc_if.c **** 
  76:USB_DEVICE/App/usbd_cdc_if.c **** /* USER CODE BEGIN PRIVATE_MACRO */
  77:USB_DEVICE/App/usbd_cdc_if.c **** 
  78:USB_DEVICE/App/usbd_cdc_if.c **** /* USER CODE END PRIVATE_MACRO */
  79:USB_DEVICE/App/usbd_cdc_if.c **** 
  80:USB_DEVICE/App/usbd_cdc_if.c **** /**
  81:USB_DEVICE/App/usbd_cdc_if.c ****   * @}
  82:USB_DEVICE/App/usbd_cdc_if.c ****   */
  83:USB_DEVICE/App/usbd_cdc_if.c **** 
  84:USB_DEVICE/App/usbd_cdc_if.c **** /** @defgroup USBD_CDC_IF_Private_Variables USBD_CDC_IF_Private_Variables
  85:USB_DEVICE/App/usbd_cdc_if.c ****   * @brief Private variables.
  86:USB_DEVICE/App/usbd_cdc_if.c ****   * @{
  87:USB_DEVICE/App/usbd_cdc_if.c ****   */
  88:USB_DEVICE/App/usbd_cdc_if.c **** /* Create buffer for reception and transmission           */
ARM GAS  C:\Users\HP-Admin\AppData\Local\Temp\cceYwawf.s 			page 3


  89:USB_DEVICE/App/usbd_cdc_if.c **** /* It's up to user to redefine and/or remove those define */
  90:USB_DEVICE/App/usbd_cdc_if.c **** /** Received data over USB are stored in this buffer      */
  91:USB_DEVICE/App/usbd_cdc_if.c **** uint8_t UserRxBufferFS[APP_RX_DATA_SIZE];
  92:USB_DEVICE/App/usbd_cdc_if.c **** 
  93:USB_DEVICE/App/usbd_cdc_if.c **** /** Data to send over USB CDC are stored in this buffer   */
  94:USB_DEVICE/App/usbd_cdc_if.c **** uint8_t UserTxBufferFS[APP_TX_DATA_SIZE];
  95:USB_DEVICE/App/usbd_cdc_if.c **** 
  96:USB_DEVICE/App/usbd_cdc_if.c **** /* USER CODE BEGIN PRIVATE_VARIABLES */
  97:USB_DEVICE/App/usbd_cdc_if.c **** 
  98:USB_DEVICE/App/usbd_cdc_if.c **** /* USER CODE END PRIVATE_VARIABLES */
  99:USB_DEVICE/App/usbd_cdc_if.c **** 
 100:USB_DEVICE/App/usbd_cdc_if.c **** /**
 101:USB_DEVICE/App/usbd_cdc_if.c ****   * @}
 102:USB_DEVICE/App/usbd_cdc_if.c ****   */
 103:USB_DEVICE/App/usbd_cdc_if.c **** 
 104:USB_DEVICE/App/usbd_cdc_if.c **** /** @defgroup USBD_CDC_IF_Exported_Variables USBD_CDC_IF_Exported_Variables
 105:USB_DEVICE/App/usbd_cdc_if.c ****   * @brief Public variables.
 106:USB_DEVICE/App/usbd_cdc_if.c ****   * @{
 107:USB_DEVICE/App/usbd_cdc_if.c ****   */
 108:USB_DEVICE/App/usbd_cdc_if.c **** 
 109:USB_DEVICE/App/usbd_cdc_if.c **** extern USBD_HandleTypeDef hUsbDeviceFS;
 110:USB_DEVICE/App/usbd_cdc_if.c **** 
 111:USB_DEVICE/App/usbd_cdc_if.c **** /* USER CODE BEGIN EXPORTED_VARIABLES */
 112:USB_DEVICE/App/usbd_cdc_if.c **** 
 113:USB_DEVICE/App/usbd_cdc_if.c **** /* USER CODE END EXPORTED_VARIABLES */
 114:USB_DEVICE/App/usbd_cdc_if.c **** 
 115:USB_DEVICE/App/usbd_cdc_if.c **** /**
 116:USB_DEVICE/App/usbd_cdc_if.c ****   * @}
 117:USB_DEVICE/App/usbd_cdc_if.c ****   */
 118:USB_DEVICE/App/usbd_cdc_if.c **** 
 119:USB_DEVICE/App/usbd_cdc_if.c **** /** @defgroup USBD_CDC_IF_Private_FunctionPrototypes USBD_CDC_IF_Private_FunctionPrototypes
 120:USB_DEVICE/App/usbd_cdc_if.c ****   * @brief Private functions declaration.
 121:USB_DEVICE/App/usbd_cdc_if.c ****   * @{
 122:USB_DEVICE/App/usbd_cdc_if.c ****   */
 123:USB_DEVICE/App/usbd_cdc_if.c **** 
 124:USB_DEVICE/App/usbd_cdc_if.c **** static int8_t CDC_Init_FS(void);
 125:USB_DEVICE/App/usbd_cdc_if.c **** static int8_t CDC_DeInit_FS(void);
 126:USB_DEVICE/App/usbd_cdc_if.c **** static int8_t CDC_Control_FS(uint8_t cmd, uint8_t* pbuf, uint16_t length);
 127:USB_DEVICE/App/usbd_cdc_if.c **** static int8_t CDC_Receive_FS(uint8_t* pbuf, uint32_t *Len);
 128:USB_DEVICE/App/usbd_cdc_if.c **** static int8_t CDC_TransmitCplt_FS(uint8_t *pbuf, uint32_t *Len, uint8_t epnum);
 129:USB_DEVICE/App/usbd_cdc_if.c **** 
 130:USB_DEVICE/App/usbd_cdc_if.c **** /* USER CODE BEGIN PRIVATE_FUNCTIONS_DECLARATION */
 131:USB_DEVICE/App/usbd_cdc_if.c **** 
 132:USB_DEVICE/App/usbd_cdc_if.c **** /* USER CODE END PRIVATE_FUNCTIONS_DECLARATION */
 133:USB_DEVICE/App/usbd_cdc_if.c **** 
 134:USB_DEVICE/App/usbd_cdc_if.c **** /**
 135:USB_DEVICE/App/usbd_cdc_if.c ****   * @}
 136:USB_DEVICE/App/usbd_cdc_if.c ****   */
 137:USB_DEVICE/App/usbd_cdc_if.c **** 
 138:USB_DEVICE/App/usbd_cdc_if.c **** USBD_CDC_ItfTypeDef USBD_Interface_fops_FS =
 139:USB_DEVICE/App/usbd_cdc_if.c **** {
 140:USB_DEVICE/App/usbd_cdc_if.c ****   CDC_Init_FS,
 141:USB_DEVICE/App/usbd_cdc_if.c ****   CDC_DeInit_FS,
 142:USB_DEVICE/App/usbd_cdc_if.c ****   CDC_Control_FS,
 143:USB_DEVICE/App/usbd_cdc_if.c ****   CDC_Receive_FS,
 144:USB_DEVICE/App/usbd_cdc_if.c ****   CDC_TransmitCplt_FS
 145:USB_DEVICE/App/usbd_cdc_if.c **** };
ARM GAS  C:\Users\HP-Admin\AppData\Local\Temp\cceYwawf.s 			page 4


 146:USB_DEVICE/App/usbd_cdc_if.c **** 
 147:USB_DEVICE/App/usbd_cdc_if.c **** /* Private functions ---------------------------------------------------------*/
 148:USB_DEVICE/App/usbd_cdc_if.c **** /**
 149:USB_DEVICE/App/usbd_cdc_if.c ****   * @brief  Initializes the CDC media low layer over the FS USB IP
 150:USB_DEVICE/App/usbd_cdc_if.c ****   * @retval USBD_OK if all operations are OK else USBD_FAIL
 151:USB_DEVICE/App/usbd_cdc_if.c ****   */
 152:USB_DEVICE/App/usbd_cdc_if.c **** static int8_t CDC_Init_FS(void)
 153:USB_DEVICE/App/usbd_cdc_if.c **** {
 154:USB_DEVICE/App/usbd_cdc_if.c ****   /* USER CODE BEGIN 3 */
 155:USB_DEVICE/App/usbd_cdc_if.c ****   /* Set Application Buffers */
 156:USB_DEVICE/App/usbd_cdc_if.c ****   USBD_CDC_SetTxBuffer(&hUsbDeviceFS, UserTxBufferFS, 0);
 157:USB_DEVICE/App/usbd_cdc_if.c ****   USBD_CDC_SetRxBuffer(&hUsbDeviceFS, UserRxBufferFS);
 158:USB_DEVICE/App/usbd_cdc_if.c ****   return (USBD_OK);
 159:USB_DEVICE/App/usbd_cdc_if.c ****   /* USER CODE END 3 */
 160:USB_DEVICE/App/usbd_cdc_if.c **** }
 161:USB_DEVICE/App/usbd_cdc_if.c **** 
 162:USB_DEVICE/App/usbd_cdc_if.c **** /**
 163:USB_DEVICE/App/usbd_cdc_if.c ****   * @brief  DeInitializes the CDC media low layer
 164:USB_DEVICE/App/usbd_cdc_if.c ****   * @retval USBD_OK if all operations are OK else USBD_FAIL
 165:USB_DEVICE/App/usbd_cdc_if.c ****   */
 166:USB_DEVICE/App/usbd_cdc_if.c **** static int8_t CDC_DeInit_FS(void)
 167:USB_DEVICE/App/usbd_cdc_if.c **** {
  28              		.loc 1 167 1 view -0
  29              		.cfi_startproc
  30              		@ args = 0, pretend = 0, frame = 0
  31              		@ frame_needed = 0, uses_anonymous_args = 0
  32              		@ link register save eliminated.
 168:USB_DEVICE/App/usbd_cdc_if.c ****   /* USER CODE BEGIN 4 */
 169:USB_DEVICE/App/usbd_cdc_if.c ****   return (USBD_OK);
  33              		.loc 1 169 3 view .LVU1
 170:USB_DEVICE/App/usbd_cdc_if.c ****   /* USER CODE END 4 */
 171:USB_DEVICE/App/usbd_cdc_if.c **** }
  34              		.loc 1 171 1 is_stmt 0 view .LVU2
  35 0000 0020     		movs	r0, #0
  36 0002 7047     		bx	lr
  37              		.cfi_endproc
  38              	.LFE139:
  40              		.section	.text.CDC_Control_FS,"ax",%progbits
  41              		.align	1
  42              		.syntax unified
  43              		.thumb
  44              		.thumb_func
  46              	CDC_Control_FS:
  47              	.LVL0:
  48              	.LFB140:
 172:USB_DEVICE/App/usbd_cdc_if.c **** 
 173:USB_DEVICE/App/usbd_cdc_if.c **** /**
 174:USB_DEVICE/App/usbd_cdc_if.c ****   * @brief  Manage the CDC class requests
 175:USB_DEVICE/App/usbd_cdc_if.c ****   * @param  cmd: Command code
 176:USB_DEVICE/App/usbd_cdc_if.c ****   * @param  pbuf: Buffer containing command data (request parameters)
 177:USB_DEVICE/App/usbd_cdc_if.c ****   * @param  length: Number of data to be sent (in bytes)
 178:USB_DEVICE/App/usbd_cdc_if.c ****   * @retval Result of the operation: USBD_OK if all operations are OK else USBD_FAIL
 179:USB_DEVICE/App/usbd_cdc_if.c ****   */
 180:USB_DEVICE/App/usbd_cdc_if.c **** static int8_t CDC_Control_FS(uint8_t cmd, uint8_t* pbuf, uint16_t length)
 181:USB_DEVICE/App/usbd_cdc_if.c **** {
  49              		.loc 1 181 1 is_stmt 1 view -0
  50              		.cfi_startproc
ARM GAS  C:\Users\HP-Admin\AppData\Local\Temp\cceYwawf.s 			page 5


  51              		@ args = 0, pretend = 0, frame = 0
  52              		@ frame_needed = 0, uses_anonymous_args = 0
  53              		@ link register save eliminated.
 182:USB_DEVICE/App/usbd_cdc_if.c ****   /* USER CODE BEGIN 5 */
 183:USB_DEVICE/App/usbd_cdc_if.c ****   switch(cmd)
  54              		.loc 1 183 3 view .LVU4
 184:USB_DEVICE/App/usbd_cdc_if.c ****   {
 185:USB_DEVICE/App/usbd_cdc_if.c ****     case CDC_SEND_ENCAPSULATED_COMMAND:
 186:USB_DEVICE/App/usbd_cdc_if.c **** 
 187:USB_DEVICE/App/usbd_cdc_if.c ****     break;
 188:USB_DEVICE/App/usbd_cdc_if.c **** 
 189:USB_DEVICE/App/usbd_cdc_if.c ****     case CDC_GET_ENCAPSULATED_RESPONSE:
 190:USB_DEVICE/App/usbd_cdc_if.c **** 
 191:USB_DEVICE/App/usbd_cdc_if.c ****     break;
 192:USB_DEVICE/App/usbd_cdc_if.c **** 
 193:USB_DEVICE/App/usbd_cdc_if.c ****     case CDC_SET_COMM_FEATURE:
 194:USB_DEVICE/App/usbd_cdc_if.c **** 
 195:USB_DEVICE/App/usbd_cdc_if.c ****     break;
 196:USB_DEVICE/App/usbd_cdc_if.c **** 
 197:USB_DEVICE/App/usbd_cdc_if.c ****     case CDC_GET_COMM_FEATURE:
 198:USB_DEVICE/App/usbd_cdc_if.c **** 
 199:USB_DEVICE/App/usbd_cdc_if.c ****     break;
 200:USB_DEVICE/App/usbd_cdc_if.c **** 
 201:USB_DEVICE/App/usbd_cdc_if.c ****     case CDC_CLEAR_COMM_FEATURE:
 202:USB_DEVICE/App/usbd_cdc_if.c **** 
 203:USB_DEVICE/App/usbd_cdc_if.c ****     break;
 204:USB_DEVICE/App/usbd_cdc_if.c **** 
 205:USB_DEVICE/App/usbd_cdc_if.c ****   /*******************************************************************************/
 206:USB_DEVICE/App/usbd_cdc_if.c ****   /* Line Coding Structure                                                       */
 207:USB_DEVICE/App/usbd_cdc_if.c ****   /*-----------------------------------------------------------------------------*/
 208:USB_DEVICE/App/usbd_cdc_if.c ****   /* Offset | Field       | Size | Value  | Description                          */
 209:USB_DEVICE/App/usbd_cdc_if.c ****   /* 0      | dwDTERate   |   4  | Number |Data terminal rate, in bits per second*/
 210:USB_DEVICE/App/usbd_cdc_if.c ****   /* 4      | bCharFormat |   1  | Number | Stop bits                            */
 211:USB_DEVICE/App/usbd_cdc_if.c ****   /*                                        0 - 1 Stop bit                       */
 212:USB_DEVICE/App/usbd_cdc_if.c ****   /*                                        1 - 1.5 Stop bits                    */
 213:USB_DEVICE/App/usbd_cdc_if.c ****   /*                                        2 - 2 Stop bits                      */
 214:USB_DEVICE/App/usbd_cdc_if.c ****   /* 5      | bParityType |  1   | Number | Parity                               */
 215:USB_DEVICE/App/usbd_cdc_if.c ****   /*                                        0 - None                             */
 216:USB_DEVICE/App/usbd_cdc_if.c ****   /*                                        1 - Odd                              */
 217:USB_DEVICE/App/usbd_cdc_if.c ****   /*                                        2 - Even                             */
 218:USB_DEVICE/App/usbd_cdc_if.c ****   /*                                        3 - Mark                             */
 219:USB_DEVICE/App/usbd_cdc_if.c ****   /*                                        4 - Space                            */
 220:USB_DEVICE/App/usbd_cdc_if.c ****   /* 6      | bDataBits  |   1   | Number Data bits (5, 6, 7, 8 or 16).          */
 221:USB_DEVICE/App/usbd_cdc_if.c ****   /*******************************************************************************/
 222:USB_DEVICE/App/usbd_cdc_if.c ****     case CDC_SET_LINE_CODING:
 223:USB_DEVICE/App/usbd_cdc_if.c **** 
 224:USB_DEVICE/App/usbd_cdc_if.c ****     break;
 225:USB_DEVICE/App/usbd_cdc_if.c **** 
 226:USB_DEVICE/App/usbd_cdc_if.c ****     case CDC_GET_LINE_CODING:
 227:USB_DEVICE/App/usbd_cdc_if.c **** 
 228:USB_DEVICE/App/usbd_cdc_if.c ****     break;
 229:USB_DEVICE/App/usbd_cdc_if.c **** 
 230:USB_DEVICE/App/usbd_cdc_if.c ****     case CDC_SET_CONTROL_LINE_STATE:
 231:USB_DEVICE/App/usbd_cdc_if.c **** 
 232:USB_DEVICE/App/usbd_cdc_if.c ****     break;
 233:USB_DEVICE/App/usbd_cdc_if.c **** 
 234:USB_DEVICE/App/usbd_cdc_if.c ****     case CDC_SEND_BREAK:
ARM GAS  C:\Users\HP-Admin\AppData\Local\Temp\cceYwawf.s 			page 6


 235:USB_DEVICE/App/usbd_cdc_if.c **** 
 236:USB_DEVICE/App/usbd_cdc_if.c ****     break;
 237:USB_DEVICE/App/usbd_cdc_if.c **** 
 238:USB_DEVICE/App/usbd_cdc_if.c ****   default:
 239:USB_DEVICE/App/usbd_cdc_if.c ****     break;
 240:USB_DEVICE/App/usbd_cdc_if.c ****   }
 241:USB_DEVICE/App/usbd_cdc_if.c **** 
 242:USB_DEVICE/App/usbd_cdc_if.c ****   return (USBD_OK);
  55              		.loc 1 242 3 view .LVU5
 243:USB_DEVICE/App/usbd_cdc_if.c ****   /* USER CODE END 5 */
 244:USB_DEVICE/App/usbd_cdc_if.c **** }
  56              		.loc 1 244 1 is_stmt 0 view .LVU6
  57 0000 0020     		movs	r0, #0
  58              	.LVL1:
  59              		.loc 1 244 1 view .LVU7
  60 0002 7047     		bx	lr
  61              		.cfi_endproc
  62              	.LFE140:
  64              		.section	.text.CDC_TransmitCplt_FS,"ax",%progbits
  65              		.align	1
  66              		.syntax unified
  67              		.thumb
  68              		.thumb_func
  70              	CDC_TransmitCplt_FS:
  71              	.LVL2:
  72              	.LFB143:
 245:USB_DEVICE/App/usbd_cdc_if.c **** 
 246:USB_DEVICE/App/usbd_cdc_if.c **** /**
 247:USB_DEVICE/App/usbd_cdc_if.c ****   * @brief  Data received over USB OUT endpoint are sent over CDC interface
 248:USB_DEVICE/App/usbd_cdc_if.c ****   *         through this function.
 249:USB_DEVICE/App/usbd_cdc_if.c ****   *
 250:USB_DEVICE/App/usbd_cdc_if.c ****   *         @note
 251:USB_DEVICE/App/usbd_cdc_if.c ****   *         This function will issue a NAK packet on any OUT packet received on
 252:USB_DEVICE/App/usbd_cdc_if.c ****   *         USB endpoint until exiting this function. If you exit this function
 253:USB_DEVICE/App/usbd_cdc_if.c ****   *         before transfer is complete on CDC interface (ie. using DMA controller)
 254:USB_DEVICE/App/usbd_cdc_if.c ****   *         it will result in receiving more data while previous ones are still
 255:USB_DEVICE/App/usbd_cdc_if.c ****   *         not sent.
 256:USB_DEVICE/App/usbd_cdc_if.c ****   *
 257:USB_DEVICE/App/usbd_cdc_if.c ****   * @param  Buf: Buffer of data to be received
 258:USB_DEVICE/App/usbd_cdc_if.c ****   * @param  Len: Number of data received (in bytes)
 259:USB_DEVICE/App/usbd_cdc_if.c ****   * @retval Result of the operation: USBD_OK if all operations are OK else USBD_FAIL
 260:USB_DEVICE/App/usbd_cdc_if.c ****   */
 261:USB_DEVICE/App/usbd_cdc_if.c **** static int8_t CDC_Receive_FS(uint8_t* Buf, uint32_t *Len)
 262:USB_DEVICE/App/usbd_cdc_if.c **** {
 263:USB_DEVICE/App/usbd_cdc_if.c ****   /* USER CODE BEGIN 6 */
 264:USB_DEVICE/App/usbd_cdc_if.c ****   USBD_CDC_SetRxBuffer(&hUsbDeviceFS, &Buf[0]);
 265:USB_DEVICE/App/usbd_cdc_if.c ****   USBD_CDC_ReceivePacket(&hUsbDeviceFS);
 266:USB_DEVICE/App/usbd_cdc_if.c ****   Isp_forward_data(Buf, *Len);
 267:USB_DEVICE/App/usbd_cdc_if.c ****   return (USBD_OK);
 268:USB_DEVICE/App/usbd_cdc_if.c ****   /* USER CODE END 6 */
 269:USB_DEVICE/App/usbd_cdc_if.c **** }
 270:USB_DEVICE/App/usbd_cdc_if.c **** 
 271:USB_DEVICE/App/usbd_cdc_if.c **** /**
 272:USB_DEVICE/App/usbd_cdc_if.c ****   * @brief  CDC_Transmit_FS
 273:USB_DEVICE/App/usbd_cdc_if.c ****   *         Data to send over USB IN endpoint are sent over CDC interface
 274:USB_DEVICE/App/usbd_cdc_if.c ****   *         through this function.
 275:USB_DEVICE/App/usbd_cdc_if.c ****   *         @note
ARM GAS  C:\Users\HP-Admin\AppData\Local\Temp\cceYwawf.s 			page 7


 276:USB_DEVICE/App/usbd_cdc_if.c ****   *
 277:USB_DEVICE/App/usbd_cdc_if.c ****   *
 278:USB_DEVICE/App/usbd_cdc_if.c ****   * @param  Buf: Buffer of data to be sent
 279:USB_DEVICE/App/usbd_cdc_if.c ****   * @param  Len: Number of data to be sent (in bytes)
 280:USB_DEVICE/App/usbd_cdc_if.c ****   * @retval USBD_OK if all operations are OK else USBD_FAIL or USBD_BUSY
 281:USB_DEVICE/App/usbd_cdc_if.c ****   */
 282:USB_DEVICE/App/usbd_cdc_if.c **** uint8_t CDC_Transmit_FS(uint8_t* Buf, uint16_t Len)
 283:USB_DEVICE/App/usbd_cdc_if.c **** {
 284:USB_DEVICE/App/usbd_cdc_if.c ****   uint8_t result = USBD_OK;
 285:USB_DEVICE/App/usbd_cdc_if.c ****   /* USER CODE BEGIN 7 */
 286:USB_DEVICE/App/usbd_cdc_if.c ****   USBD_CDC_HandleTypeDef *hcdc = (USBD_CDC_HandleTypeDef*)hUsbDeviceFS.pClassData;
 287:USB_DEVICE/App/usbd_cdc_if.c ****   if (hcdc->TxState != 0){
 288:USB_DEVICE/App/usbd_cdc_if.c ****     return USBD_BUSY;
 289:USB_DEVICE/App/usbd_cdc_if.c ****   }
 290:USB_DEVICE/App/usbd_cdc_if.c ****   USBD_CDC_SetTxBuffer(&hUsbDeviceFS, Buf, Len);
 291:USB_DEVICE/App/usbd_cdc_if.c ****   result = USBD_CDC_TransmitPacket(&hUsbDeviceFS);
 292:USB_DEVICE/App/usbd_cdc_if.c ****   /* USER CODE END 7 */
 293:USB_DEVICE/App/usbd_cdc_if.c ****   return result;
 294:USB_DEVICE/App/usbd_cdc_if.c **** }
 295:USB_DEVICE/App/usbd_cdc_if.c **** 
 296:USB_DEVICE/App/usbd_cdc_if.c **** /**
 297:USB_DEVICE/App/usbd_cdc_if.c ****   * @brief  CDC_TransmitCplt_FS
 298:USB_DEVICE/App/usbd_cdc_if.c ****   *         Data transmitted callback
 299:USB_DEVICE/App/usbd_cdc_if.c ****   *
 300:USB_DEVICE/App/usbd_cdc_if.c ****   *         @note
 301:USB_DEVICE/App/usbd_cdc_if.c ****   *         This function is IN transfer complete callback used to inform user that
 302:USB_DEVICE/App/usbd_cdc_if.c ****   *         the submitted Data is successfully sent over USB.
 303:USB_DEVICE/App/usbd_cdc_if.c ****   *
 304:USB_DEVICE/App/usbd_cdc_if.c ****   * @param  Buf: Buffer of data to be received
 305:USB_DEVICE/App/usbd_cdc_if.c ****   * @param  Len: Number of data received (in bytes)
 306:USB_DEVICE/App/usbd_cdc_if.c ****   * @retval Result of the operation: USBD_OK if all operations are OK else USBD_FAIL
 307:USB_DEVICE/App/usbd_cdc_if.c ****   */
 308:USB_DEVICE/App/usbd_cdc_if.c **** static int8_t CDC_TransmitCplt_FS(uint8_t *Buf, uint32_t *Len, uint8_t epnum)
 309:USB_DEVICE/App/usbd_cdc_if.c **** {
  73              		.loc 1 309 1 is_stmt 1 view -0
  74              		.cfi_startproc
  75              		@ args = 0, pretend = 0, frame = 0
  76              		@ frame_needed = 0, uses_anonymous_args = 0
  77              		@ link register save eliminated.
 310:USB_DEVICE/App/usbd_cdc_if.c ****   uint8_t result = USBD_OK;
  78              		.loc 1 310 3 view .LVU9
 311:USB_DEVICE/App/usbd_cdc_if.c ****   /* USER CODE BEGIN 13 */
 312:USB_DEVICE/App/usbd_cdc_if.c ****   UNUSED(Buf);
  79              		.loc 1 312 3 view .LVU10
 313:USB_DEVICE/App/usbd_cdc_if.c ****   UNUSED(Len);
  80              		.loc 1 313 3 view .LVU11
 314:USB_DEVICE/App/usbd_cdc_if.c ****   UNUSED(epnum);
  81              		.loc 1 314 3 view .LVU12
 315:USB_DEVICE/App/usbd_cdc_if.c ****   /* USER CODE END 13 */
 316:USB_DEVICE/App/usbd_cdc_if.c ****   return result;
  82              		.loc 1 316 3 view .LVU13
 317:USB_DEVICE/App/usbd_cdc_if.c **** }
  83              		.loc 1 317 1 is_stmt 0 view .LVU14
  84 0000 0020     		movs	r0, #0
  85              	.LVL3:
  86              		.loc 1 317 1 view .LVU15
  87 0002 7047     		bx	lr
ARM GAS  C:\Users\HP-Admin\AppData\Local\Temp\cceYwawf.s 			page 8


  88              		.cfi_endproc
  89              	.LFE143:
  91              		.section	.text.CDC_Receive_FS,"ax",%progbits
  92              		.align	1
  93              		.syntax unified
  94              		.thumb
  95              		.thumb_func
  97              	CDC_Receive_FS:
  98              	.LVL4:
  99              	.LFB141:
 262:USB_DEVICE/App/usbd_cdc_if.c ****   /* USER CODE BEGIN 6 */
 100              		.loc 1 262 1 is_stmt 1 view -0
 101              		.cfi_startproc
 102              		@ args = 0, pretend = 0, frame = 0
 103              		@ frame_needed = 0, uses_anonymous_args = 0
 262:USB_DEVICE/App/usbd_cdc_if.c ****   /* USER CODE BEGIN 6 */
 104              		.loc 1 262 1 is_stmt 0 view .LVU17
 105 0000 70B5     		push	{r4, r5, r6, lr}
 106              	.LCFI0:
 107              		.cfi_def_cfa_offset 16
 108              		.cfi_offset 4, -16
 109              		.cfi_offset 5, -12
 110              		.cfi_offset 6, -8
 111              		.cfi_offset 14, -4
 112 0002 0446     		mov	r4, r0
 113 0004 0D46     		mov	r5, r1
 264:USB_DEVICE/App/usbd_cdc_if.c ****   USBD_CDC_ReceivePacket(&hUsbDeviceFS);
 114              		.loc 1 264 3 is_stmt 1 view .LVU18
 115 0006 074E     		ldr	r6, .L6
 116 0008 0146     		mov	r1, r0
 117              	.LVL5:
 264:USB_DEVICE/App/usbd_cdc_if.c ****   USBD_CDC_ReceivePacket(&hUsbDeviceFS);
 118              		.loc 1 264 3 is_stmt 0 view .LVU19
 119 000a 3046     		mov	r0, r6
 120              	.LVL6:
 264:USB_DEVICE/App/usbd_cdc_if.c ****   USBD_CDC_ReceivePacket(&hUsbDeviceFS);
 121              		.loc 1 264 3 view .LVU20
 122 000c FFF7FEFF 		bl	USBD_CDC_SetRxBuffer
 123              	.LVL7:
 265:USB_DEVICE/App/usbd_cdc_if.c ****   Isp_forward_data(Buf, *Len);
 124              		.loc 1 265 3 is_stmt 1 view .LVU21
 125 0010 3046     		mov	r0, r6
 126 0012 FFF7FEFF 		bl	USBD_CDC_ReceivePacket
 127              	.LVL8:
 266:USB_DEVICE/App/usbd_cdc_if.c ****   return (USBD_OK);
 128              		.loc 1 266 3 view .LVU22
 129 0016 2968     		ldr	r1, [r5]
 130 0018 2046     		mov	r0, r4
 131 001a FFF7FEFF 		bl	Isp_forward_data
 132              	.LVL9:
 267:USB_DEVICE/App/usbd_cdc_if.c ****   /* USER CODE END 6 */
 133              		.loc 1 267 3 view .LVU23
 269:USB_DEVICE/App/usbd_cdc_if.c **** 
 134              		.loc 1 269 1 is_stmt 0 view .LVU24
 135 001e 0020     		movs	r0, #0
 136 0020 70BD     		pop	{r4, r5, r6, pc}
 137              	.LVL10:
ARM GAS  C:\Users\HP-Admin\AppData\Local\Temp\cceYwawf.s 			page 9


 138              	.L7:
 269:USB_DEVICE/App/usbd_cdc_if.c **** 
 139              		.loc 1 269 1 view .LVU25
 140 0022 00BF     		.align	2
 141              	.L6:
 142 0024 00000000 		.word	hUsbDeviceFS
 143              		.cfi_endproc
 144              	.LFE141:
 146              		.section	.text.CDC_Init_FS,"ax",%progbits
 147              		.align	1
 148              		.syntax unified
 149              		.thumb
 150              		.thumb_func
 152              	CDC_Init_FS:
 153              	.LFB138:
 153:USB_DEVICE/App/usbd_cdc_if.c ****   /* USER CODE BEGIN 3 */
 154              		.loc 1 153 1 is_stmt 1 view -0
 155              		.cfi_startproc
 156              		@ args = 0, pretend = 0, frame = 0
 157              		@ frame_needed = 0, uses_anonymous_args = 0
 158 0000 10B5     		push	{r4, lr}
 159              	.LCFI1:
 160              		.cfi_def_cfa_offset 8
 161              		.cfi_offset 4, -8
 162              		.cfi_offset 14, -4
 156:USB_DEVICE/App/usbd_cdc_if.c ****   USBD_CDC_SetRxBuffer(&hUsbDeviceFS, UserRxBufferFS);
 163              		.loc 1 156 3 view .LVU27
 164 0002 064C     		ldr	r4, .L10
 165 0004 0022     		movs	r2, #0
 166 0006 0649     		ldr	r1, .L10+4
 167 0008 2046     		mov	r0, r4
 168 000a FFF7FEFF 		bl	USBD_CDC_SetTxBuffer
 169              	.LVL11:
 157:USB_DEVICE/App/usbd_cdc_if.c ****   return (USBD_OK);
 170              		.loc 1 157 3 view .LVU28
 171 000e 0549     		ldr	r1, .L10+8
 172 0010 2046     		mov	r0, r4
 173 0012 FFF7FEFF 		bl	USBD_CDC_SetRxBuffer
 174              	.LVL12:
 158:USB_DEVICE/App/usbd_cdc_if.c ****   /* USER CODE END 3 */
 175              		.loc 1 158 3 view .LVU29
 160:USB_DEVICE/App/usbd_cdc_if.c **** 
 176              		.loc 1 160 1 is_stmt 0 view .LVU30
 177 0016 0020     		movs	r0, #0
 178 0018 10BD     		pop	{r4, pc}
 179              	.L11:
 180 001a 00BF     		.align	2
 181              	.L10:
 182 001c 00000000 		.word	hUsbDeviceFS
 183 0020 00000000 		.word	.LANCHOR0
 184 0024 00000000 		.word	.LANCHOR1
 185              		.cfi_endproc
 186              	.LFE138:
 188              		.section	.text.CDC_Transmit_FS,"ax",%progbits
 189              		.align	1
 190              		.global	CDC_Transmit_FS
 191              		.syntax unified
ARM GAS  C:\Users\HP-Admin\AppData\Local\Temp\cceYwawf.s 			page 10


 192              		.thumb
 193              		.thumb_func
 195              	CDC_Transmit_FS:
 196              	.LVL13:
 197              	.LFB142:
 283:USB_DEVICE/App/usbd_cdc_if.c ****   uint8_t result = USBD_OK;
 198              		.loc 1 283 1 is_stmt 1 view -0
 199              		.cfi_startproc
 200              		@ args = 0, pretend = 0, frame = 0
 201              		@ frame_needed = 0, uses_anonymous_args = 0
 284:USB_DEVICE/App/usbd_cdc_if.c ****   /* USER CODE BEGIN 7 */
 202              		.loc 1 284 3 view .LVU32
 286:USB_DEVICE/App/usbd_cdc_if.c ****   if (hcdc->TxState != 0){
 203              		.loc 1 286 3 view .LVU33
 286:USB_DEVICE/App/usbd_cdc_if.c ****   if (hcdc->TxState != 0){
 204              		.loc 1 286 27 is_stmt 0 view .LVU34
 205 0000 094B     		ldr	r3, .L20
 206 0002 D3F8BC32 		ldr	r3, [r3, #700]
 207              	.LVL14:
 287:USB_DEVICE/App/usbd_cdc_if.c ****     return USBD_BUSY;
 208              		.loc 1 287 3 is_stmt 1 view .LVU35
 287:USB_DEVICE/App/usbd_cdc_if.c ****     return USBD_BUSY;
 209              		.loc 1 287 11 is_stmt 0 view .LVU36
 210 0006 D3F81432 		ldr	r3, [r3, #532]
 211              	.LVL15:
 287:USB_DEVICE/App/usbd_cdc_if.c ****     return USBD_BUSY;
 212              		.loc 1 287 6 view .LVU37
 213 000a 0BB1     		cbz	r3, .L19
 288:USB_DEVICE/App/usbd_cdc_if.c ****   }
 214              		.loc 1 288 12 view .LVU38
 215 000c 0120     		movs	r0, #1
 216              	.LVL16:
 294:USB_DEVICE/App/usbd_cdc_if.c **** 
 217              		.loc 1 294 1 view .LVU39
 218 000e 7047     		bx	lr
 219              	.LVL17:
 220              	.L19:
 283:USB_DEVICE/App/usbd_cdc_if.c ****   uint8_t result = USBD_OK;
 221              		.loc 1 283 1 view .LVU40
 222 0010 10B5     		push	{r4, lr}
 223              	.LCFI2:
 224              		.cfi_def_cfa_offset 8
 225              		.cfi_offset 4, -8
 226              		.cfi_offset 14, -4
 290:USB_DEVICE/App/usbd_cdc_if.c ****   result = USBD_CDC_TransmitPacket(&hUsbDeviceFS);
 227              		.loc 1 290 3 is_stmt 1 view .LVU41
 228 0012 054C     		ldr	r4, .L20
 229              	.LVL18:
 290:USB_DEVICE/App/usbd_cdc_if.c ****   result = USBD_CDC_TransmitPacket(&hUsbDeviceFS);
 230              		.loc 1 290 3 is_stmt 0 view .LVU42
 231 0014 0A46     		mov	r2, r1
 232 0016 0146     		mov	r1, r0
 233              	.LVL19:
 290:USB_DEVICE/App/usbd_cdc_if.c ****   result = USBD_CDC_TransmitPacket(&hUsbDeviceFS);
 234              		.loc 1 290 3 view .LVU43
 235 0018 2046     		mov	r0, r4
 236              	.LVL20:
ARM GAS  C:\Users\HP-Admin\AppData\Local\Temp\cceYwawf.s 			page 11


 290:USB_DEVICE/App/usbd_cdc_if.c ****   result = USBD_CDC_TransmitPacket(&hUsbDeviceFS);
 237              		.loc 1 290 3 view .LVU44
 238 001a FFF7FEFF 		bl	USBD_CDC_SetTxBuffer
 239              	.LVL21:
 291:USB_DEVICE/App/usbd_cdc_if.c ****   /* USER CODE END 7 */
 240              		.loc 1 291 3 is_stmt 1 view .LVU45
 291:USB_DEVICE/App/usbd_cdc_if.c ****   /* USER CODE END 7 */
 241              		.loc 1 291 12 is_stmt 0 view .LVU46
 242 001e 2046     		mov	r0, r4
 243 0020 FFF7FEFF 		bl	USBD_CDC_TransmitPacket
 244              	.LVL22:
 293:USB_DEVICE/App/usbd_cdc_if.c **** }
 245              		.loc 1 293 3 is_stmt 1 view .LVU47
 294:USB_DEVICE/App/usbd_cdc_if.c **** 
 246              		.loc 1 294 1 is_stmt 0 view .LVU48
 247 0024 10BD     		pop	{r4, pc}
 248              	.L21:
 249 0026 00BF     		.align	2
 250              	.L20:
 251 0028 00000000 		.word	hUsbDeviceFS
 252              		.cfi_endproc
 253              	.LFE142:
 255              		.global	USBD_Interface_fops_FS
 256              		.global	UserTxBufferFS
 257              		.global	UserRxBufferFS
 258              		.section	.bss.UserRxBufferFS,"aw",%nobits
 259              		.align	2
 260              		.set	.LANCHOR1,. + 0
 263              	UserRxBufferFS:
 264 0000 00000000 		.space	2048
 264      00000000 
 264      00000000 
 264      00000000 
 264      00000000 
 265              		.section	.bss.UserTxBufferFS,"aw",%nobits
 266              		.align	2
 267              		.set	.LANCHOR0,. + 0
 270              	UserTxBufferFS:
 271 0000 00000000 		.space	2048
 271      00000000 
 271      00000000 
 271      00000000 
 271      00000000 
 272              		.section	.data.USBD_Interface_fops_FS,"aw"
 273              		.align	2
 276              	USBD_Interface_fops_FS:
 277 0000 00000000 		.word	CDC_Init_FS
 278 0004 00000000 		.word	CDC_DeInit_FS
 279 0008 00000000 		.word	CDC_Control_FS
 280 000c 00000000 		.word	CDC_Receive_FS
 281 0010 00000000 		.word	CDC_TransmitCplt_FS
 282              		.text
 283              	.Letext0:
 284              		.file 2 "c:\\program files (x86)\\gnu arm embedded toolchain\\10 2021.10\\arm-none-eabi\\include\\
 285              		.file 3 "c:\\program files (x86)\\gnu arm embedded toolchain\\10 2021.10\\arm-none-eabi\\include\\
 286              		.file 4 "Middlewares/ST/STM32_USB_Device_Library/Core/Inc/usbd_def.h"
 287              		.file 5 "Middlewares/ST/STM32_USB_Device_Library/Class/CDC/Inc/usbd_cdc.h"
ARM GAS  C:\Users\HP-Admin\AppData\Local\Temp\cceYwawf.s 			page 12


 288              		.file 6 "USB_DEVICE/App/usbd_cdc_if.h"
ARM GAS  C:\Users\HP-Admin\AppData\Local\Temp\cceYwawf.s 			page 13


DEFINED SYMBOLS
                            *ABS*:00000000 usbd_cdc_if.c
C:\Users\HP-Admin\AppData\Local\Temp\cceYwawf.s:20     .text.CDC_DeInit_FS:00000000 $t
C:\Users\HP-Admin\AppData\Local\Temp\cceYwawf.s:25     .text.CDC_DeInit_FS:00000000 CDC_DeInit_FS
C:\Users\HP-Admin\AppData\Local\Temp\cceYwawf.s:41     .text.CDC_Control_FS:00000000 $t
C:\Users\HP-Admin\AppData\Local\Temp\cceYwawf.s:46     .text.CDC_Control_FS:00000000 CDC_Control_FS
C:\Users\HP-Admin\AppData\Local\Temp\cceYwawf.s:65     .text.CDC_TransmitCplt_FS:00000000 $t
C:\Users\HP-Admin\AppData\Local\Temp\cceYwawf.s:70     .text.CDC_TransmitCplt_FS:00000000 CDC_TransmitCplt_FS
C:\Users\HP-Admin\AppData\Local\Temp\cceYwawf.s:92     .text.CDC_Receive_FS:00000000 $t
C:\Users\HP-Admin\AppData\Local\Temp\cceYwawf.s:97     .text.CDC_Receive_FS:00000000 CDC_Receive_FS
C:\Users\HP-Admin\AppData\Local\Temp\cceYwawf.s:142    .text.CDC_Receive_FS:00000024 $d
C:\Users\HP-Admin\AppData\Local\Temp\cceYwawf.s:147    .text.CDC_Init_FS:00000000 $t
C:\Users\HP-Admin\AppData\Local\Temp\cceYwawf.s:152    .text.CDC_Init_FS:00000000 CDC_Init_FS
C:\Users\HP-Admin\AppData\Local\Temp\cceYwawf.s:182    .text.CDC_Init_FS:0000001c $d
C:\Users\HP-Admin\AppData\Local\Temp\cceYwawf.s:189    .text.CDC_Transmit_FS:00000000 $t
C:\Users\HP-Admin\AppData\Local\Temp\cceYwawf.s:195    .text.CDC_Transmit_FS:00000000 CDC_Transmit_FS
C:\Users\HP-Admin\AppData\Local\Temp\cceYwawf.s:251    .text.CDC_Transmit_FS:00000028 $d
C:\Users\HP-Admin\AppData\Local\Temp\cceYwawf.s:276    .data.USBD_Interface_fops_FS:00000000 USBD_Interface_fops_FS
C:\Users\HP-Admin\AppData\Local\Temp\cceYwawf.s:270    .bss.UserTxBufferFS:00000000 UserTxBufferFS
C:\Users\HP-Admin\AppData\Local\Temp\cceYwawf.s:263    .bss.UserRxBufferFS:00000000 UserRxBufferFS
C:\Users\HP-Admin\AppData\Local\Temp\cceYwawf.s:259    .bss.UserRxBufferFS:00000000 $d
C:\Users\HP-Admin\AppData\Local\Temp\cceYwawf.s:266    .bss.UserTxBufferFS:00000000 $d
C:\Users\HP-Admin\AppData\Local\Temp\cceYwawf.s:273    .data.USBD_Interface_fops_FS:00000000 $d

UNDEFINED SYMBOLS
USBD_CDC_SetRxBuffer
USBD_CDC_ReceivePacket
Isp_forward_data
hUsbDeviceFS
USBD_CDC_SetTxBuffer
USBD_CDC_TransmitPacket
