ARM GAS  C:\Users\HP-Admin\AppData\Local\Temp\cck2CHQK.s 			page 1


   1              		.cpu cortex-m4
   2              		.arch armv7e-m
   3              		.fpu fpv4-sp-d16
   4              		.eabi_attribute 27, 1
   5              		.eabi_attribute 28, 1
   6              		.eabi_attribute 20, 1
   7              		.eabi_attribute 21, 1
   8              		.eabi_attribute 23, 3
   9              		.eabi_attribute 24, 1
  10              		.eabi_attribute 25, 1
  11              		.eabi_attribute 26, 1
  12              		.eabi_attribute 30, 1
  13              		.eabi_attribute 34, 1
  14              		.eabi_attribute 18, 4
  15              		.file	"diskio.c"
  16              		.text
  17              	.Ltext0:
  18              		.cfi_sections	.debug_frame
  19              		.section	.text.get_fattime,"ax",%progbits
  20              		.align	1
  21              		.global	get_fattime
  22              		.syntax unified
  23              		.thumb
  24              		.thumb_func
  26              	get_fattime:
  27              	.LFB133:
  28              		.file 1 "Core/Src/FAT/diskio.c"
   1:Core/Src/FAT/diskio.c **** #include <stdio.h>
   2:Core/Src/FAT/diskio.c **** #include "diskio.h"
   3:Core/Src/FAT/diskio.c **** #include "main.h"
   4:Core/Src/FAT/diskio.c **** #include "../Darin3Cart_Driver.h"
   5:Core/Src/FAT/diskio.c **** #include "stm32f4xx_hal.h"
   6:Core/Src/FAT/diskio.c **** #include <stdlib.h>
   7:Core/Src/FAT/diskio.c **** 
   8:Core/Src/FAT/diskio.c **** #define INT_CF	0
   9:Core/Src/FAT/diskio.c **** #define CF_IDE_BASE 0x00
  10:Core/Src/FAT/diskio.c **** 
  11:Core/Src/FAT/diskio.c **** #define ReadCmd        0x20 
  12:Core/Src/FAT/diskio.c **** #define WriteCmd       0x30 
  13:Core/Src/FAT/diskio.c **** #define EraseCmd       0xC0 
  14:Core/Src/FAT/diskio.c **** #define IdentifyCmd    0xEC 
  15:Core/Src/FAT/diskio.c **** 
  16:Core/Src/FAT/diskio.c **** unsigned char RdBuf[512];
  17:Core/Src/FAT/diskio.c **** 
  18:Core/Src/FAT/diskio.c **** #define DATA_REG 	   0x00
  19:Core/Src/FAT/diskio.c **** #define FEATURE_REG    0x01
  20:Core/Src/FAT/diskio.c **** #define SEC_COUNT_REG  0x02
  21:Core/Src/FAT/diskio.c **** #define SEC_NUM_REG    0x03
  22:Core/Src/FAT/diskio.c **** #define CYL_LOW_REG    0x04
  23:Core/Src/FAT/diskio.c **** #define CYL_HI_REG     0x05
  24:Core/Src/FAT/diskio.c **** #define DRV_HD_REG     0x06
  25:Core/Src/FAT/diskio.c **** #define COMMAND_REG    0x07
  26:Core/Src/FAT/diskio.c **** #define STATUS_REG     0x07
  27:Core/Src/FAT/diskio.c **** 
  28:Core/Src/FAT/diskio.c **** uint16_t CF_OE1  = C3OE_Pin;
  29:Core/Src/FAT/diskio.c **** CartridgeID m_CartId = 0;
  30:Core/Src/FAT/diskio.c **** 
ARM GAS  C:\Users\HP-Admin\AppData\Local\Temp\cck2CHQK.s 			page 2


  31:Core/Src/FAT/diskio.c **** //extern alt_u32 CF_TRANS_FIFO_BASE ;
  32:Core/Src/FAT/diskio.c **** 
  33:Core/Src/FAT/diskio.c **** DWORD get_fattime(void)
  34:Core/Src/FAT/diskio.c **** {
  29              		.loc 1 34 1 view -0
  30              		.cfi_startproc
  31              		@ args = 0, pretend = 0, frame = 0
  32              		@ frame_needed = 0, uses_anonymous_args = 0
  33              		@ link register save eliminated.
  35:Core/Src/FAT/diskio.c ****   return(0x00000000);  
  34              		.loc 1 35 3 view .LVU1
  36:Core/Src/FAT/diskio.c **** }
  35              		.loc 1 36 1 is_stmt 0 view .LVU2
  36 0000 0020     		movs	r0, #0
  37 0002 7047     		bx	lr
  38              		.cfi_endproc
  39              	.LFE133:
  41              		.section	.text.disk_status,"ax",%progbits
  42              		.align	1
  43              		.global	disk_status
  44              		.syntax unified
  45              		.thumb
  46              		.thumb_func
  48              	disk_status:
  49              	.LVL0:
  50              	.LFB135:
  37:Core/Src/FAT/diskio.c **** 
  38:Core/Src/FAT/diskio.c **** DSTATUS disk_initialize(BYTE drv)
  39:Core/Src/FAT/diskio.c **** {
  40:Core/Src/FAT/diskio.c ****  DSTATUS stat;
  41:Core/Src/FAT/diskio.c ****  unsigned char Status;
  42:Core/Src/FAT/diskio.c ****     
  43:Core/Src/FAT/diskio.c ****     if(drv == INT_CF)
  44:Core/Src/FAT/diskio.c ****     {
  45:Core/Src/FAT/diskio.c ****        Status = ChkCF();
  46:Core/Src/FAT/diskio.c ****        if(Status == 0)
  47:Core/Src/FAT/diskio.c ****         { 
  48:Core/Src/FAT/diskio.c ****          stat = RES_OK;
  49:Core/Src/FAT/diskio.c ****         }
  50:Core/Src/FAT/diskio.c ****        else
  51:Core/Src/FAT/diskio.c ****         {
  52:Core/Src/FAT/diskio.c ****          stat = STA_NODISK;
  53:Core/Src/FAT/diskio.c ****         }
  54:Core/Src/FAT/diskio.c ****        RstCf();
  55:Core/Src/FAT/diskio.c ****        return stat;
  56:Core/Src/FAT/diskio.c ****     }
  57:Core/Src/FAT/diskio.c ****     else
  58:Core/Src/FAT/diskio.c ****     {
  59:Core/Src/FAT/diskio.c **** 	  return STA_NOINIT;
  60:Core/Src/FAT/diskio.c ****     }
  61:Core/Src/FAT/diskio.c **** }
  62:Core/Src/FAT/diskio.c **** 
  63:Core/Src/FAT/diskio.c **** DSTATUS disk_status(BYTE drv)
  64:Core/Src/FAT/diskio.c **** {
  51              		.loc 1 64 1 is_stmt 1 view -0
  52              		.cfi_startproc
  53              		@ args = 0, pretend = 0, frame = 0
ARM GAS  C:\Users\HP-Admin\AppData\Local\Temp\cck2CHQK.s 			page 3


  54              		@ frame_needed = 0, uses_anonymous_args = 0
  55              		@ link register save eliminated.
  65:Core/Src/FAT/diskio.c ****     
  66:Core/Src/FAT/diskio.c ****     if(drv == INT_CF)
  56              		.loc 1 66 5 view .LVU4
  57              		.loc 1 66 7 is_stmt 0 view .LVU5
  58 0000 08B1     		cbz	r0, .L4
  67:Core/Src/FAT/diskio.c ****     {
  68:Core/Src/FAT/diskio.c ****       return(RES_OK);
  69:Core/Src/FAT/diskio.c ****     }
  70:Core/Src/FAT/diskio.c **** 	return STA_NOINIT;
  59              		.loc 1 70 9 view .LVU6
  60 0002 0120     		movs	r0, #1
  61              	.LVL1:
  62              		.loc 1 70 9 view .LVU7
  63 0004 7047     		bx	lr
  64              	.LVL2:
  65              	.L4:
  71:Core/Src/FAT/diskio.c **** }
  66              		.loc 1 71 1 view .LVU8
  67 0006 7047     		bx	lr
  68              		.cfi_endproc
  69              	.LFE135:
  71              		.section	.text.ChkCFRdyForCmd,"ax",%progbits
  72              		.align	1
  73              		.global	ChkCFRdyForCmd
  74              		.syntax unified
  75              		.thumb
  76              		.thumb_func
  78              	ChkCFRdyForCmd:
  79              	.LFB139:
  72:Core/Src/FAT/diskio.c **** 
  73:Core/Src/FAT/diskio.c **** DRESULT disk_read(BYTE drv,BYTE *buff,DWORD sector,BYTE count)
  74:Core/Src/FAT/diskio.c **** {
  75:Core/Src/FAT/diskio.c **** DRESULT res;  
  76:Core/Src/FAT/diskio.c **** unsigned char Status;
  77:Core/Src/FAT/diskio.c **** unsigned char * BuffPtr = (unsigned char *)buff;
  78:Core/Src/FAT/diskio.c ****     
  79:Core/Src/FAT/diskio.c **** 	if(drv == INT_CF)
  80:Core/Src/FAT/diskio.c ****     {
  81:Core/Src/FAT/diskio.c **** 	  pre_read_compact_flash(m_CartId);
  82:Core/Src/FAT/diskio.c **** 
  83:Core/Src/FAT/diskio.c **** 	  Status = compact_flash_ready();
  84:Core/Src/FAT/diskio.c **** 
  85:Core/Src/FAT/diskio.c **** 	  if(!Status)
  86:Core/Src/FAT/diskio.c **** 		  return RES_NOTRDY;
  87:Core/Src/FAT/diskio.c **** 
  88:Core/Src/FAT/diskio.c **** 	  CfCmd(sector,ReadCmd,count);
  89:Core/Src/FAT/diskio.c **** 
  90:Core/Src/FAT/diskio.c **** 	  Status = check_stat_of_compact_flash();
  91:Core/Src/FAT/diskio.c **** 	  if(!Status)
  92:Core/Src/FAT/diskio.c **** 	  	 return RES_NOTRDY;
  93:Core/Src/FAT/diskio.c **** 
  94:Core/Src/FAT/diskio.c **** 	  compact_flash_read(&BuffPtr[0],512);
  95:Core/Src/FAT/diskio.c **** 	  post_read_compact_flash(m_CartId);
  96:Core/Src/FAT/diskio.c ****       res = RES_OK;
  97:Core/Src/FAT/diskio.c ****     }
ARM GAS  C:\Users\HP-Admin\AppData\Local\Temp\cck2CHQK.s 			page 4


  98:Core/Src/FAT/diskio.c **** 	else
  99:Core/Src/FAT/diskio.c **** 	 res = RES_ERROR;
 100:Core/Src/FAT/diskio.c **** 
 101:Core/Src/FAT/diskio.c ****     return res;
 102:Core/Src/FAT/diskio.c **** }
 103:Core/Src/FAT/diskio.c **** 
 104:Core/Src/FAT/diskio.c **** #if _READONLY == 0
 105:Core/Src/FAT/diskio.c **** DRESULT disk_write(BYTE drv,const BYTE *buff,DWORD sector,BYTE count)
 106:Core/Src/FAT/diskio.c **** {
 107:Core/Src/FAT/diskio.c **** 	DRESULT res;
 108:Core/Src/FAT/diskio.c **** 	unsigned char Status;
 109:Core/Src/FAT/diskio.c **** 	unsigned char * BuffPtr = (unsigned char *)buff;
 110:Core/Src/FAT/diskio.c **** 
 111:Core/Src/FAT/diskio.c **** 	if(drv == INT_CF)
 112:Core/Src/FAT/diskio.c **** 	{
 113:Core/Src/FAT/diskio.c **** 		pre_write_compact_flash(m_CartId);
 114:Core/Src/FAT/diskio.c **** 		Status = compact_flash_ready();
 115:Core/Src/FAT/diskio.c **** 
 116:Core/Src/FAT/diskio.c **** 		if(!Status)
 117:Core/Src/FAT/diskio.c **** 				  return RES_NOTRDY;
 118:Core/Src/FAT/diskio.c **** 
 119:Core/Src/FAT/diskio.c **** 		CfCmd(sector, WriteCmd, count);
 120:Core/Src/FAT/diskio.c **** 
 121:Core/Src/FAT/diskio.c **** 		Status = check_stat_of_compact_flash();
 122:Core/Src/FAT/diskio.c **** 
 123:Core/Src/FAT/diskio.c **** 		if(!Status)
 124:Core/Src/FAT/diskio.c **** 				  return RES_NOTRDY;
 125:Core/Src/FAT/diskio.c **** 
 126:Core/Src/FAT/diskio.c **** 		compact_flash_write(&BuffPtr[0],512);
 127:Core/Src/FAT/diskio.c **** 		post_write_compact_flash(m_CartId);
 128:Core/Src/FAT/diskio.c **** 
 129:Core/Src/FAT/diskio.c **** 		res = RES_OK;
 130:Core/Src/FAT/diskio.c **** 	}
 131:Core/Src/FAT/diskio.c **** 	else
 132:Core/Src/FAT/diskio.c **** 		 res = RES_ERROR;
 133:Core/Src/FAT/diskio.c **** 
 134:Core/Src/FAT/diskio.c **** 	return res;
 135:Core/Src/FAT/diskio.c **** }
 136:Core/Src/FAT/diskio.c **** #endif
 137:Core/Src/FAT/diskio.c **** 
 138:Core/Src/FAT/diskio.c **** DRESULT disk_ioctl(BYTE drv,BYTE ctrl,DWORD *buff)
 139:Core/Src/FAT/diskio.c **** {
 140:Core/Src/FAT/diskio.c **** DRESULT res;  
 141:Core/Src/FAT/diskio.c **** unsigned int RdData;
 142:Core/Src/FAT/diskio.c **** 
 143:Core/Src/FAT/diskio.c **** unsigned char Status;
 144:Core/Src/FAT/diskio.c ****     if(drv == INT_CF)
 145:Core/Src/FAT/diskio.c ****     { 
 146:Core/Src/FAT/diskio.c ****       
 147:Core/Src/FAT/diskio.c ****       switch(ctrl)
 148:Core/Src/FAT/diskio.c ****       {
 149:Core/Src/FAT/diskio.c ****         case          CTRL_SYNC:
 150:Core/Src/FAT/diskio.c ****         
 151:Core/Src/FAT/diskio.c ****                                 break;
 152:Core/Src/FAT/diskio.c ****         case   GET_SECTOR_COUNT:
 153:Core/Src/FAT/diskio.c ****         	                    /*read_compact_flash(&RdBuf[0]);
 154:Core/Src/FAT/diskio.c ****                                 RdData = RdBuf[61] << 16;
ARM GAS  C:\Users\HP-Admin\AppData\Local\Temp\cck2CHQK.s 			page 5


 155:Core/Src/FAT/diskio.c ****                                 *buff  = RdData | RdBuf[60];*/
 156:Core/Src/FAT/diskio.c **** 
 157:Core/Src/FAT/diskio.c ****         	                    pre_read_compact_flash(m_CartId);
 158:Core/Src/FAT/diskio.c ****         		                Status = compact_flash_ready();
 159:Core/Src/FAT/diskio.c ****         		                if(!Status)
 160:Core/Src/FAT/diskio.c ****         			              return RES_NOTRDY;
 161:Core/Src/FAT/diskio.c **** 
 162:Core/Src/FAT/diskio.c ****         		                CfCmd(0,IdentifyCmd,512);
 163:Core/Src/FAT/diskio.c ****         		                Status = check_stat_of_compact_flash();
 164:Core/Src/FAT/diskio.c ****         		                if(!Status)
 165:Core/Src/FAT/diskio.c **** 
 166:Core/Src/FAT/diskio.c ****         		  	               return RES_NOTRDY;
 167:Core/Src/FAT/diskio.c **** 
 168:Core/Src/FAT/diskio.c ****         		                compact_flash_read(&RdBuf[0],512);
 169:Core/Src/FAT/diskio.c ****         		                //RdData = (RdBuf[35] << 24) | (RdBuf[34] << 16) | (RdBuf[33] << 8) | (Rd
 170:Core/Src/FAT/diskio.c ****         		                unsigned int word60 = RdBuf[120] | (RdBuf[121] << 8);  // Word 60: Lower 
 171:Core/Src/FAT/diskio.c ****         		                unsigned int word61 = RdBuf[122] | (RdBuf[123] << 8);  // Word 61: Upper 
 172:Core/Src/FAT/diskio.c ****         		                RdData = ((unsigned long)word61 << 16) | word60;
 173:Core/Src/FAT/diskio.c **** 
 174:Core/Src/FAT/diskio.c ****         		                *buff  = RdData ;
 175:Core/Src/FAT/diskio.c ****         		                //*buff  = 2047248 ; //This is Bad...
 176:Core/Src/FAT/diskio.c ****         		                post_read_compact_flash(m_CartId);
 177:Core/Src/FAT/diskio.c **** 
 178:Core/Src/FAT/diskio.c ****         	                    break;
 179:Core/Src/FAT/diskio.c ****         case    GET_SECTOR_SIZE:
 180:Core/Src/FAT/diskio.c ****                                 *buff  = 512;
 181:Core/Src/FAT/diskio.c ****                                 break;
 182:Core/Src/FAT/diskio.c ****         case     GET_BLOCK_SIZE:
 183:Core/Src/FAT/diskio.c ****                                 *buff  = 512;
 184:Core/Src/FAT/diskio.c ****                                 break;
 185:Core/Src/FAT/diskio.c ****         case  CTRL_ERASE_SECTOR:
 186:Core/Src/FAT/diskio.c ****                                 *buff  = 512;
 187:Core/Src/FAT/diskio.c ****                                 break;
 188:Core/Src/FAT/diskio.c ****         default:
 189:Core/Src/FAT/diskio.c ****                                 *buff  = 0;
 190:Core/Src/FAT/diskio.c ****                                 res = RES_ERROR;
 191:Core/Src/FAT/diskio.c ****                                 return res;
 192:Core/Src/FAT/diskio.c ****                                 break;                     
 193:Core/Src/FAT/diskio.c ****       }
 194:Core/Src/FAT/diskio.c ****     }
 195:Core/Src/FAT/diskio.c ****     res = RES_OK;
 196:Core/Src/FAT/diskio.c ****     return res;
 197:Core/Src/FAT/diskio.c **** }
 198:Core/Src/FAT/diskio.c **** 
 199:Core/Src/FAT/diskio.c **** unsigned char ChkCFRdyForCmd(void)
 200:Core/Src/FAT/diskio.c **** {
  80              		.loc 1 200 1 is_stmt 1 view -0
  81              		.cfi_startproc
  82              		@ args = 0, pretend = 0, frame = 0
  83              		@ frame_needed = 0, uses_anonymous_args = 0
  84 0000 38B5     		push	{r3, r4, r5, lr}
  85              	.LCFI0:
  86              		.cfi_def_cfa_offset 16
  87              		.cfi_offset 3, -16
  88              		.cfi_offset 4, -12
  89              		.cfi_offset 5, -8
  90              		.cfi_offset 14, -4
ARM GAS  C:\Users\HP-Admin\AppData\Local\Temp\cck2CHQK.s 			page 6


 201:Core/Src/FAT/diskio.c ****   unsigned char RdStatus = 0;
  91              		.loc 1 201 3 view .LVU10
  92              	.LVL3:
 202:Core/Src/FAT/diskio.c ****   unsigned int BusyCnt = 0;
  93              		.loc 1 202 3 view .LVU11
 203:Core/Src/FAT/diskio.c ****   Configure_GPIO_IO_D2(0);
  94              		.loc 1 203 3 view .LVU12
  95 0002 0020     		movs	r0, #0
  96 0004 FFF7FEFF 		bl	Configure_GPIO_IO_D2
  97              	.LVL4:
 204:Core/Src/FAT/diskio.c ****   
 205:Core/Src/FAT/diskio.c ****   write_address_port(STATUS_REG);			 //address the register pointer to point to status regester
  98              		.loc 1 205 3 view .LVU13
  99 0008 0720     		movs	r0, #7
 100 000a FFF7FEFF 		bl	write_address_port
 101              	.LVL5:
 206:Core/Src/FAT/diskio.c ****   HAL_GPIO_WritePin(GPIOA, CF_OE1, 0);		 //intiate read signal
 102              		.loc 1 206 3 view .LVU14
 103 000e 0022     		movs	r2, #0
 104 0010 194B     		ldr	r3, .L13
 105 0012 1988     		ldrh	r1, [r3]
 106 0014 1948     		ldr	r0, .L13+4
 107 0016 FFF7FEFF 		bl	HAL_GPIO_WritePin
 108              	.LVL6:
 207:Core/Src/FAT/diskio.c ****   short_delay_us(50);								 //wait for some delay
 109              		.loc 1 207 3 view .LVU15
 110 001a 3220     		movs	r0, #50
 111 001c FFF7FEFF 		bl	short_delay_us
 112              	.LVL7:
 208:Core/Src/FAT/diskio.c **** 
 209:Core/Src/FAT/diskio.c ****   RdStatus = Read_port();
 113              		.loc 1 209 3 view .LVU16
 114              		.loc 1 209 14 is_stmt 0 view .LVU17
 115 0020 FFF7FEFF 		bl	Read_port
 116              	.LVL8:
 210:Core/Src/FAT/diskio.c ****   RdStatus = RdStatus & 0x01;
 117              		.loc 1 210 3 is_stmt 1 view .LVU18
 211:Core/Src/FAT/diskio.c **** 
 212:Core/Src/FAT/diskio.c ****   if(RdStatus == 0x01)
 118              		.loc 1 212 3 view .LVU19
 119              		.loc 1 212 5 is_stmt 0 view .LVU20
 120 0024 10F00105 		ands	r5, r0, #1
 121 0028 15D1     		bne	.L11
 213:Core/Src/FAT/diskio.c ****   {
 214:Core/Src/FAT/diskio.c **** 	  HAL_GPIO_WritePin(GPIOA, CF_OE1, 1);
 215:Core/Src/FAT/diskio.c ****       return(0);
 216:Core/Src/FAT/diskio.c ****   }
 217:Core/Src/FAT/diskio.c **** 
 218:Core/Src/FAT/diskio.c ****   RdStatus = Read_port();
 122              		.loc 1 218 3 is_stmt 1 view .LVU21
 123              		.loc 1 218 14 is_stmt 0 view .LVU22
 124 002a FFF7FEFF 		bl	Read_port
 125              	.LVL9:
 219:Core/Src/FAT/diskio.c ****   RdStatus = RdStatus & 0xF0;
 126              		.loc 1 219 3 is_stmt 1 view .LVU23
 127              		.loc 1 219 12 is_stmt 0 view .LVU24
 128 002e 00F0F000 		and	r0, r0, #240
ARM GAS  C:\Users\HP-Admin\AppData\Local\Temp\cck2CHQK.s 			page 7


 129              	.LVL10:
 220:Core/Src/FAT/diskio.c ****   while(RdStatus != 0x50)
 130              		.loc 1 220 3 is_stmt 1 view .LVU25
 202:Core/Src/FAT/diskio.c ****   Configure_GPIO_IO_D2(0);
 131              		.loc 1 202 16 is_stmt 0 view .LVU26
 132 0032 0024     		movs	r4, #0
 133              	.LVL11:
 134              	.L8:
 135              		.loc 1 220 8 is_stmt 1 view .LVU27
 136 0034 5028     		cmp	r0, #80
 137 0036 16D0     		beq	.L12
 221:Core/Src/FAT/diskio.c ****   {
 222:Core/Src/FAT/diskio.c **** 
 223:Core/Src/FAT/diskio.c **** 	RdStatus = Read_port();
 138              		.loc 1 223 2 view .LVU28
 139              		.loc 1 223 13 is_stmt 0 view .LVU29
 140 0038 FFF7FEFF 		bl	Read_port
 141              	.LVL12:
 224:Core/Src/FAT/diskio.c ****     RdStatus = RdStatus & 0xF0;
 142              		.loc 1 224 5 is_stmt 1 view .LVU30
 143              		.loc 1 224 14 is_stmt 0 view .LVU31
 144 003c 00F0F000 		and	r0, r0, #240
 145              	.LVL13:
 225:Core/Src/FAT/diskio.c ****     BusyCnt++;
 146              		.loc 1 225 5 is_stmt 1 view .LVU32
 147              		.loc 1 225 12 is_stmt 0 view .LVU33
 148 0040 0134     		adds	r4, r4, #1
 149              	.LVL14:
 226:Core/Src/FAT/diskio.c ****     if(BusyCnt == 500000)
 150              		.loc 1 226 5 is_stmt 1 view .LVU34
 151              		.loc 1 226 7 is_stmt 0 view .LVU35
 152 0042 0F4B     		ldr	r3, .L13+8
 153 0044 9C42     		cmp	r4, r3
 154 0046 F5D1     		bne	.L8
 227:Core/Src/FAT/diskio.c ****     {
 228:Core/Src/FAT/diskio.c ****        HAL_GPIO_WritePin(GPIOA, CF_OE1, 1);
 155              		.loc 1 228 8 is_stmt 1 view .LVU36
 156 0048 0122     		movs	r2, #1
 157 004a 0B4B     		ldr	r3, .L13
 158 004c 1988     		ldrh	r1, [r3]
 159 004e 0B48     		ldr	r0, .L13+4
 160              	.LVL15:
 161              		.loc 1 228 8 is_stmt 0 view .LVU37
 162 0050 FFF7FEFF 		bl	HAL_GPIO_WritePin
 163              	.LVL16:
 229:Core/Src/FAT/diskio.c ****        return(0);
 164              		.loc 1 229 8 is_stmt 1 view .LVU38
 165              		.loc 1 229 14 is_stmt 0 view .LVU39
 166 0054 0EE0     		b	.L7
 167              	.LVL17:
 168              	.L11:
 214:Core/Src/FAT/diskio.c ****       return(0);
 169              		.loc 1 214 4 is_stmt 1 view .LVU40
 170 0056 0122     		movs	r2, #1
 171 0058 074B     		ldr	r3, .L13
 172 005a 1988     		ldrh	r1, [r3]
 173 005c 0748     		ldr	r0, .L13+4
ARM GAS  C:\Users\HP-Admin\AppData\Local\Temp\cck2CHQK.s 			page 8


 174              	.LVL18:
 214:Core/Src/FAT/diskio.c ****       return(0);
 175              		.loc 1 214 4 is_stmt 0 view .LVU41
 176 005e FFF7FEFF 		bl	HAL_GPIO_WritePin
 177              	.LVL19:
 215:Core/Src/FAT/diskio.c ****   }
 178              		.loc 1 215 7 is_stmt 1 view .LVU42
 215:Core/Src/FAT/diskio.c ****   }
 179              		.loc 1 215 13 is_stmt 0 view .LVU43
 180 0062 0025     		movs	r5, #0
 181 0064 06E0     		b	.L7
 182              	.LVL20:
 183              	.L12:
 230:Core/Src/FAT/diskio.c ****     }
 231:Core/Src/FAT/diskio.c ****   }
 232:Core/Src/FAT/diskio.c ****   HAL_GPIO_WritePin(GPIOA, CF_OE1, 1);
 184              		.loc 1 232 3 is_stmt 1 view .LVU44
 185 0066 0122     		movs	r2, #1
 186 0068 034B     		ldr	r3, .L13
 187 006a 1988     		ldrh	r1, [r3]
 188 006c 0348     		ldr	r0, .L13+4
 189              	.LVL21:
 190              		.loc 1 232 3 is_stmt 0 view .LVU45
 191 006e FFF7FEFF 		bl	HAL_GPIO_WritePin
 192              	.LVL22:
 233:Core/Src/FAT/diskio.c ****   return(1);
 193              		.loc 1 233 3 is_stmt 1 view .LVU46
 194              		.loc 1 233 9 is_stmt 0 view .LVU47
 195 0072 0125     		movs	r5, #1
 196              	.LVL23:
 197              	.L7:
 234:Core/Src/FAT/diskio.c **** }
 198              		.loc 1 234 1 view .LVU48
 199 0074 2846     		mov	r0, r5
 200 0076 38BD     		pop	{r3, r4, r5, pc}
 201              	.L14:
 202              		.align	2
 203              	.L13:
 204 0078 00000000 		.word	.LANCHOR0
 205 007c 00000240 		.word	1073872896
 206 0080 20A10700 		.word	500000
 207              		.cfi_endproc
 208              	.LFE139:
 210              		.section	.text.ChkCFRdyForData,"ax",%progbits
 211              		.align	1
 212              		.global	ChkCFRdyForData
 213              		.syntax unified
 214              		.thumb
 215              		.thumb_func
 217              	ChkCFRdyForData:
 218              	.LFB140:
 235:Core/Src/FAT/diskio.c **** 
 236:Core/Src/FAT/diskio.c **** unsigned char ChkCFRdyForData(void)
 237:Core/Src/FAT/diskio.c **** {
 219              		.loc 1 237 1 is_stmt 1 view -0
 220              		.cfi_startproc
 221              		@ args = 0, pretend = 0, frame = 0
ARM GAS  C:\Users\HP-Admin\AppData\Local\Temp\cck2CHQK.s 			page 9


 222              		@ frame_needed = 0, uses_anonymous_args = 0
 223 0000 38B5     		push	{r3, r4, r5, lr}
 224              	.LCFI1:
 225              		.cfi_def_cfa_offset 16
 226              		.cfi_offset 3, -16
 227              		.cfi_offset 4, -12
 228              		.cfi_offset 5, -8
 229              		.cfi_offset 14, -4
 238:Core/Src/FAT/diskio.c ****   Configure_GPIO_IO_D2(0);
 230              		.loc 1 238 3 view .LVU50
 231 0002 0020     		movs	r0, #0
 232 0004 FFF7FEFF 		bl	Configure_GPIO_IO_D2
 233              	.LVL24:
 239:Core/Src/FAT/diskio.c ****   unsigned char RdStatus = 0;
 234              		.loc 1 239 3 view .LVU51
 240:Core/Src/FAT/diskio.c ****   unsigned int BusyCnt = 0;
 235              		.loc 1 240 3 view .LVU52
 241:Core/Src/FAT/diskio.c ****   
 242:Core/Src/FAT/diskio.c ****   write_address_port(STATUS_REG);			 //address the register pointer to point to status regester
 236              		.loc 1 242 3 view .LVU53
 237 0008 0720     		movs	r0, #7
 238 000a FFF7FEFF 		bl	write_address_port
 239              	.LVL25:
 243:Core/Src/FAT/diskio.c ****   HAL_GPIO_WritePin(GPIOA, CF_OE1, 0);		 //intiate read signal
 240              		.loc 1 243 3 view .LVU54
 241 000e 0022     		movs	r2, #0
 242 0010 194B     		ldr	r3, .L23
 243 0012 1988     		ldrh	r1, [r3]
 244 0014 1948     		ldr	r0, .L23+4
 245 0016 FFF7FEFF 		bl	HAL_GPIO_WritePin
 246              	.LVL26:
 244:Core/Src/FAT/diskio.c ****   short_delay_us(50);								 //wait for some delay
 247              		.loc 1 244 3 view .LVU55
 248 001a 3220     		movs	r0, #50
 249 001c FFF7FEFF 		bl	short_delay_us
 250              	.LVL27:
 245:Core/Src/FAT/diskio.c **** 
 246:Core/Src/FAT/diskio.c ****   RdStatus = Read_port();
 251              		.loc 1 246 3 view .LVU56
 252              		.loc 1 246 14 is_stmt 0 view .LVU57
 253 0020 FFF7FEFF 		bl	Read_port
 254              	.LVL28:
 247:Core/Src/FAT/diskio.c **** 
 248:Core/Src/FAT/diskio.c ****   RdStatus = RdStatus & 0x01;
 255              		.loc 1 248 3 is_stmt 1 view .LVU58
 249:Core/Src/FAT/diskio.c ****   if(RdStatus == 0x01)
 256              		.loc 1 249 3 view .LVU59
 257              		.loc 1 249 5 is_stmt 0 view .LVU60
 258 0024 10F00105 		ands	r5, r0, #1
 259 0028 15D1     		bne	.L21
 250:Core/Src/FAT/diskio.c ****   {
 251:Core/Src/FAT/diskio.c **** 	  HAL_GPIO_WritePin(GPIOA, CF_OE1, 1);
 252:Core/Src/FAT/diskio.c ****       return(0);
 253:Core/Src/FAT/diskio.c ****   }
 254:Core/Src/FAT/diskio.c ****   RdStatus = Read_port();
 260              		.loc 1 254 3 is_stmt 1 view .LVU61
 261              		.loc 1 254 14 is_stmt 0 view .LVU62
ARM GAS  C:\Users\HP-Admin\AppData\Local\Temp\cck2CHQK.s 			page 10


 262 002a FFF7FEFF 		bl	Read_port
 263              	.LVL29:
 255:Core/Src/FAT/diskio.c ****   RdStatus = RdStatus & 0xF8;
 264              		.loc 1 255 3 is_stmt 1 view .LVU63
 265              		.loc 1 255 12 is_stmt 0 view .LVU64
 266 002e 00F0F800 		and	r0, r0, #248
 267              	.LVL30:
 256:Core/Src/FAT/diskio.c **** 
 257:Core/Src/FAT/diskio.c ****   while(RdStatus != 0x58)
 268              		.loc 1 257 3 is_stmt 1 view .LVU65
 240:Core/Src/FAT/diskio.c ****   
 269              		.loc 1 240 16 is_stmt 0 view .LVU66
 270 0032 0024     		movs	r4, #0
 271              	.LVL31:
 272              	.L18:
 273              		.loc 1 257 8 is_stmt 1 view .LVU67
 274 0034 5828     		cmp	r0, #88
 275 0036 16D0     		beq	.L22
 258:Core/Src/FAT/diskio.c ****   {
 259:Core/Src/FAT/diskio.c ****     RdStatus = Read_port();
 276              		.loc 1 259 5 view .LVU68
 277              		.loc 1 259 16 is_stmt 0 view .LVU69
 278 0038 FFF7FEFF 		bl	Read_port
 279              	.LVL32:
 260:Core/Src/FAT/diskio.c ****     RdStatus = RdStatus & 0xF8;
 280              		.loc 1 260 5 is_stmt 1 view .LVU70
 281              		.loc 1 260 14 is_stmt 0 view .LVU71
 282 003c 00F0F800 		and	r0, r0, #248
 283              	.LVL33:
 261:Core/Src/FAT/diskio.c ****     BusyCnt++;
 284              		.loc 1 261 5 is_stmt 1 view .LVU72
 285              		.loc 1 261 12 is_stmt 0 view .LVU73
 286 0040 0134     		adds	r4, r4, #1
 287              	.LVL34:
 262:Core/Src/FAT/diskio.c ****     if(BusyCnt == 500000)
 288              		.loc 1 262 5 is_stmt 1 view .LVU74
 289              		.loc 1 262 7 is_stmt 0 view .LVU75
 290 0042 0F4B     		ldr	r3, .L23+8
 291 0044 9C42     		cmp	r4, r3
 292 0046 F5D1     		bne	.L18
 263:Core/Src/FAT/diskio.c ****     {
 264:Core/Src/FAT/diskio.c ****        HAL_GPIO_WritePin(GPIOA, CF_OE1, 1);
 293              		.loc 1 264 8 is_stmt 1 view .LVU76
 294 0048 0122     		movs	r2, #1
 295 004a 0B4B     		ldr	r3, .L23
 296 004c 1988     		ldrh	r1, [r3]
 297 004e 0B48     		ldr	r0, .L23+4
 298              	.LVL35:
 299              		.loc 1 264 8 is_stmt 0 view .LVU77
 300 0050 FFF7FEFF 		bl	HAL_GPIO_WritePin
 301              	.LVL36:
 265:Core/Src/FAT/diskio.c ****        return (0);
 302              		.loc 1 265 8 is_stmt 1 view .LVU78
 303              		.loc 1 265 15 is_stmt 0 view .LVU79
 304 0054 0EE0     		b	.L17
 305              	.LVL37:
 306              	.L21:
ARM GAS  C:\Users\HP-Admin\AppData\Local\Temp\cck2CHQK.s 			page 11


 251:Core/Src/FAT/diskio.c ****       return(0);
 307              		.loc 1 251 4 is_stmt 1 view .LVU80
 308 0056 0122     		movs	r2, #1
 309 0058 074B     		ldr	r3, .L23
 310 005a 1988     		ldrh	r1, [r3]
 311 005c 0748     		ldr	r0, .L23+4
 312              	.LVL38:
 251:Core/Src/FAT/diskio.c ****       return(0);
 313              		.loc 1 251 4 is_stmt 0 view .LVU81
 314 005e FFF7FEFF 		bl	HAL_GPIO_WritePin
 315              	.LVL39:
 252:Core/Src/FAT/diskio.c ****   }
 316              		.loc 1 252 7 is_stmt 1 view .LVU82
 252:Core/Src/FAT/diskio.c ****   }
 317              		.loc 1 252 13 is_stmt 0 view .LVU83
 318 0062 0025     		movs	r5, #0
 319 0064 06E0     		b	.L17
 320              	.LVL40:
 321              	.L22:
 266:Core/Src/FAT/diskio.c ****     }
 267:Core/Src/FAT/diskio.c ****   }
 268:Core/Src/FAT/diskio.c ****   HAL_GPIO_WritePin(GPIOA, CF_OE1, 1);
 322              		.loc 1 268 3 is_stmt 1 view .LVU84
 323 0066 0122     		movs	r2, #1
 324 0068 034B     		ldr	r3, .L23
 325 006a 1988     		ldrh	r1, [r3]
 326 006c 0348     		ldr	r0, .L23+4
 327              	.LVL41:
 328              		.loc 1 268 3 is_stmt 0 view .LVU85
 329 006e FFF7FEFF 		bl	HAL_GPIO_WritePin
 330              	.LVL42:
 269:Core/Src/FAT/diskio.c ****   return(1);
 331              		.loc 1 269 3 is_stmt 1 view .LVU86
 332              		.loc 1 269 9 is_stmt 0 view .LVU87
 333 0072 0125     		movs	r5, #1
 334              	.LVL43:
 335              	.L17:
 270:Core/Src/FAT/diskio.c **** }
 336              		.loc 1 270 1 view .LVU88
 337 0074 2846     		mov	r0, r5
 338 0076 38BD     		pop	{r3, r4, r5, pc}
 339              	.L24:
 340              		.align	2
 341              	.L23:
 342 0078 00000000 		.word	.LANCHOR0
 343 007c 00000240 		.word	1073872896
 344 0080 20A10700 		.word	500000
 345              		.cfi_endproc
 346              	.LFE140:
 348              		.section	.text.CfCmd,"ax",%progbits
 349              		.align	1
 350              		.global	CfCmd
 351              		.syntax unified
 352              		.thumb
 353              		.thumb_func
 355              	CfCmd:
 356              	.LVL44:
ARM GAS  C:\Users\HP-Admin\AppData\Local\Temp\cck2CHQK.s 			page 12


 357              	.LFB141:
 271:Core/Src/FAT/diskio.c **** 
 272:Core/Src/FAT/diskio.c **** void CfCmd(unsigned int LBA,unsigned char Cmd,unsigned char count)
 273:Core/Src/FAT/diskio.c **** {
 358              		.loc 1 273 1 is_stmt 1 view -0
 359              		.cfi_startproc
 360              		@ args = 0, pretend = 0, frame = 0
 361              		@ frame_needed = 0, uses_anonymous_args = 0
 362              		.loc 1 273 1 is_stmt 0 view .LVU90
 363 0000 08B5     		push	{r3, lr}
 364              	.LCFI2:
 365              		.cfi_def_cfa_offset 8
 366              		.cfi_offset 3, -8
 367              		.cfi_offset 14, -4
 274:Core/Src/FAT/diskio.c ****    unsigned char SectorNo,CylinderLow,CylinderHigh;
 368              		.loc 1 274 4 is_stmt 1 view .LVU91
 275:Core/Src/FAT/diskio.c ****    SectorNo     = LBA & 0x000000FF;
 369              		.loc 1 275 4 view .LVU92
 370              	.LVL45:
 276:Core/Src/FAT/diskio.c ****    CylinderLow  = LBA >> 8;
 371              		.loc 1 276 4 view .LVU93
 277:Core/Src/FAT/diskio.c ****    CylinderLow  = CylinderLow & 0x000000FF;
 372              		.loc 1 277 4 view .LVU94
 278:Core/Src/FAT/diskio.c ****    CylinderHigh = LBA >> 16; 
 373              		.loc 1 278 4 view .LVU95
 279:Core/Src/FAT/diskio.c ****    CylinderHigh = CylinderHigh & 0x000000FF;
 374              		.loc 1 279 4 view .LVU96
 280:Core/Src/FAT/diskio.c ****    
 281:Core/Src/FAT/diskio.c ****    generic_CF_CMD(SectorNo, Cmd, CylinderLow, CylinderHigh);
 375              		.loc 1 281 4 view .LVU97
 376 0002 C0F30743 		ubfx	r3, r0, #16, #8
 377 0006 C0F30722 		ubfx	r2, r0, #8, #8
 378              	.LVL46:
 379              		.loc 1 281 4 is_stmt 0 view .LVU98
 380 000a C0B2     		uxtb	r0, r0
 381              	.LVL47:
 382              		.loc 1 281 4 view .LVU99
 383 000c FFF7FEFF 		bl	generic_CF_CMD
 384              	.LVL48:
 282:Core/Src/FAT/diskio.c **** }
 385              		.loc 1 282 1 view .LVU100
 386 0010 08BD     		pop	{r3, pc}
 387              		.cfi_endproc
 388              	.LFE141:
 390              		.section	.text.disk_read,"ax",%progbits
 391              		.align	1
 392              		.global	disk_read
 393              		.syntax unified
 394              		.thumb
 395              		.thumb_func
 397              	disk_read:
 398              	.LVL49:
 399              	.LFB136:
  74:Core/Src/FAT/diskio.c **** DRESULT res;  
 400              		.loc 1 74 1 is_stmt 1 view -0
 401              		.cfi_startproc
 402              		@ args = 0, pretend = 0, frame = 0
ARM GAS  C:\Users\HP-Admin\AppData\Local\Temp\cck2CHQK.s 			page 13


 403              		@ frame_needed = 0, uses_anonymous_args = 0
  75:Core/Src/FAT/diskio.c **** unsigned char Status;
 404              		.loc 1 75 1 view .LVU102
  76:Core/Src/FAT/diskio.c **** unsigned char * BuffPtr = (unsigned char *)buff;
 405              		.loc 1 76 1 view .LVU103
  77:Core/Src/FAT/diskio.c ****     
 406              		.loc 1 77 1 view .LVU104
  79:Core/Src/FAT/diskio.c ****     {
 407              		.loc 1 79 2 view .LVU105
  79:Core/Src/FAT/diskio.c ****     {
 408              		.loc 1 79 4 is_stmt 0 view .LVU106
 409 0000 08B1     		cbz	r0, .L36
  99:Core/Src/FAT/diskio.c **** 
 410              		.loc 1 99 7 view .LVU107
 411 0002 0120     		movs	r0, #1
 412              	.LVL50:
 102:Core/Src/FAT/diskio.c **** 
 413              		.loc 1 102 1 view .LVU108
 414 0004 7047     		bx	lr
 415              	.LVL51:
 416              	.L36:
  74:Core/Src/FAT/diskio.c **** DRESULT res;  
 417              		.loc 1 74 1 view .LVU109
 418 0006 F8B5     		push	{r3, r4, r5, r6, r7, lr}
 419              	.LCFI3:
 420              		.cfi_def_cfa_offset 24
 421              		.cfi_offset 3, -24
 422              		.cfi_offset 4, -20
 423              		.cfi_offset 5, -16
 424              		.cfi_offset 6, -12
 425              		.cfi_offset 7, -8
 426              		.cfi_offset 14, -4
 427 0008 0F46     		mov	r7, r1
 428 000a 1446     		mov	r4, r2
 429 000c 1D46     		mov	r5, r3
 430 000e 0646     		mov	r6, r0
  81:Core/Src/FAT/diskio.c **** 
 431              		.loc 1 81 4 is_stmt 1 view .LVU110
 432 0010 0E4B     		ldr	r3, .L37
 433              	.LVL52:
  81:Core/Src/FAT/diskio.c **** 
 434              		.loc 1 81 4 is_stmt 0 view .LVU111
 435 0012 1878     		ldrb	r0, [r3]	@ zero_extendqisi2
 436              	.LVL53:
  81:Core/Src/FAT/diskio.c **** 
 437              		.loc 1 81 4 view .LVU112
 438 0014 FFF7FEFF 		bl	pre_read_compact_flash
 439              	.LVL54:
  83:Core/Src/FAT/diskio.c **** 
 440              		.loc 1 83 4 is_stmt 1 view .LVU113
  83:Core/Src/FAT/diskio.c **** 
 441              		.loc 1 83 13 is_stmt 0 view .LVU114
 442 0018 FFF7FEFF 		bl	compact_flash_ready
 443              	.LVL55:
  85:Core/Src/FAT/diskio.c **** 		  return RES_NOTRDY;
 444              		.loc 1 85 4 is_stmt 1 view .LVU115
  85:Core/Src/FAT/diskio.c **** 		  return RES_NOTRDY;
ARM GAS  C:\Users\HP-Admin\AppData\Local\Temp\cck2CHQK.s 			page 14


 445              		.loc 1 85 6 is_stmt 0 view .LVU116
 446 001c 90B1     		cbz	r0, .L30
  88:Core/Src/FAT/diskio.c **** 
 447              		.loc 1 88 4 is_stmt 1 view .LVU117
 448 001e 2A46     		mov	r2, r5
 449 0020 2021     		movs	r1, #32
 450 0022 2046     		mov	r0, r4
 451              	.LVL56:
  88:Core/Src/FAT/diskio.c **** 
 452              		.loc 1 88 4 is_stmt 0 view .LVU118
 453 0024 FFF7FEFF 		bl	CfCmd
 454              	.LVL57:
  90:Core/Src/FAT/diskio.c **** 	  if(!Status)
 455              		.loc 1 90 4 is_stmt 1 view .LVU119
  90:Core/Src/FAT/diskio.c **** 	  if(!Status)
 456              		.loc 1 90 13 is_stmt 0 view .LVU120
 457 0028 FFF7FEFF 		bl	check_stat_of_compact_flash
 458              	.LVL58:
  91:Core/Src/FAT/diskio.c **** 	  	 return RES_NOTRDY;
 459              		.loc 1 91 4 is_stmt 1 view .LVU121
  91:Core/Src/FAT/diskio.c **** 	  	 return RES_NOTRDY;
 460              		.loc 1 91 6 is_stmt 0 view .LVU122
 461 002c 60B1     		cbz	r0, .L31
  94:Core/Src/FAT/diskio.c **** 	  post_read_compact_flash(m_CartId);
 462              		.loc 1 94 4 is_stmt 1 view .LVU123
 463 002e 4FF40071 		mov	r1, #512
 464 0032 3846     		mov	r0, r7
 465              	.LVL59:
  94:Core/Src/FAT/diskio.c **** 	  post_read_compact_flash(m_CartId);
 466              		.loc 1 94 4 is_stmt 0 view .LVU124
 467 0034 FFF7FEFF 		bl	compact_flash_read
 468              	.LVL60:
  95:Core/Src/FAT/diskio.c ****       res = RES_OK;
 469              		.loc 1 95 4 is_stmt 1 view .LVU125
 470 0038 044B     		ldr	r3, .L37
 471 003a 1878     		ldrb	r0, [r3]	@ zero_extendqisi2
 472 003c FFF7FEFF 		bl	post_read_compact_flash
 473              	.LVL61:
  96:Core/Src/FAT/diskio.c ****     }
 474              		.loc 1 96 7 view .LVU126
  96:Core/Src/FAT/diskio.c ****     }
 475              		.loc 1 96 11 is_stmt 0 view .LVU127
 476 0040 3046     		mov	r0, r6
 477              	.LVL62:
 478              	.L28:
 102:Core/Src/FAT/diskio.c **** 
 479              		.loc 1 102 1 view .LVU128
 480 0042 F8BD     		pop	{r3, r4, r5, r6, r7, pc}
 481              	.LVL63:
 482              	.L30:
  86:Core/Src/FAT/diskio.c **** 
 483              		.loc 1 86 12 view .LVU129
 484 0044 0320     		movs	r0, #3
 485              	.LVL64:
  86:Core/Src/FAT/diskio.c **** 
 486              		.loc 1 86 12 view .LVU130
 487 0046 FCE7     		b	.L28
ARM GAS  C:\Users\HP-Admin\AppData\Local\Temp\cck2CHQK.s 			page 15


 488              	.LVL65:
 489              	.L31:
  92:Core/Src/FAT/diskio.c **** 
 490              		.loc 1 92 13 view .LVU131
 491 0048 0320     		movs	r0, #3
 492              	.LVL66:
  92:Core/Src/FAT/diskio.c **** 
 493              		.loc 1 92 13 view .LVU132
 494 004a FAE7     		b	.L28
 495              	.L38:
 496              		.align	2
 497              	.L37:
 498 004c 00000000 		.word	.LANCHOR1
 499              		.cfi_endproc
 500              	.LFE136:
 502              		.section	.text.disk_write,"ax",%progbits
 503              		.align	1
 504              		.global	disk_write
 505              		.syntax unified
 506              		.thumb
 507              		.thumb_func
 509              	disk_write:
 510              	.LVL67:
 511              	.LFB137:
 106:Core/Src/FAT/diskio.c **** 	DRESULT res;
 512              		.loc 1 106 1 is_stmt 1 view -0
 513              		.cfi_startproc
 514              		@ args = 0, pretend = 0, frame = 0
 515              		@ frame_needed = 0, uses_anonymous_args = 0
 107:Core/Src/FAT/diskio.c **** 	unsigned char Status;
 516              		.loc 1 107 2 view .LVU134
 108:Core/Src/FAT/diskio.c **** 	unsigned char * BuffPtr = (unsigned char *)buff;
 517              		.loc 1 108 2 view .LVU135
 109:Core/Src/FAT/diskio.c **** 
 518              		.loc 1 109 2 view .LVU136
 111:Core/Src/FAT/diskio.c **** 	{
 519              		.loc 1 111 2 view .LVU137
 111:Core/Src/FAT/diskio.c **** 	{
 520              		.loc 1 111 4 is_stmt 0 view .LVU138
 521 0000 08B1     		cbz	r0, .L48
 132:Core/Src/FAT/diskio.c **** 
 522              		.loc 1 132 8 view .LVU139
 523 0002 0120     		movs	r0, #1
 524              	.LVL68:
 135:Core/Src/FAT/diskio.c **** #endif
 525              		.loc 1 135 1 view .LVU140
 526 0004 7047     		bx	lr
 527              	.LVL69:
 528              	.L48:
 106:Core/Src/FAT/diskio.c **** 	DRESULT res;
 529              		.loc 1 106 1 view .LVU141
 530 0006 F8B5     		push	{r3, r4, r5, r6, r7, lr}
 531              	.LCFI4:
 532              		.cfi_def_cfa_offset 24
 533              		.cfi_offset 3, -24
 534              		.cfi_offset 4, -20
 535              		.cfi_offset 5, -16
ARM GAS  C:\Users\HP-Admin\AppData\Local\Temp\cck2CHQK.s 			page 16


 536              		.cfi_offset 6, -12
 537              		.cfi_offset 7, -8
 538              		.cfi_offset 14, -4
 539 0008 0F46     		mov	r7, r1
 540 000a 1446     		mov	r4, r2
 541 000c 1D46     		mov	r5, r3
 542 000e 0646     		mov	r6, r0
 113:Core/Src/FAT/diskio.c **** 		Status = compact_flash_ready();
 543              		.loc 1 113 3 is_stmt 1 view .LVU142
 544 0010 0E4B     		ldr	r3, .L49
 545              	.LVL70:
 113:Core/Src/FAT/diskio.c **** 		Status = compact_flash_ready();
 546              		.loc 1 113 3 is_stmt 0 view .LVU143
 547 0012 1878     		ldrb	r0, [r3]	@ zero_extendqisi2
 548              	.LVL71:
 113:Core/Src/FAT/diskio.c **** 		Status = compact_flash_ready();
 549              		.loc 1 113 3 view .LVU144
 550 0014 FFF7FEFF 		bl	pre_write_compact_flash
 551              	.LVL72:
 114:Core/Src/FAT/diskio.c **** 
 552              		.loc 1 114 3 is_stmt 1 view .LVU145
 114:Core/Src/FAT/diskio.c **** 
 553              		.loc 1 114 12 is_stmt 0 view .LVU146
 554 0018 FFF7FEFF 		bl	compact_flash_ready
 555              	.LVL73:
 116:Core/Src/FAT/diskio.c **** 				  return RES_NOTRDY;
 556              		.loc 1 116 3 is_stmt 1 view .LVU147
 116:Core/Src/FAT/diskio.c **** 				  return RES_NOTRDY;
 557              		.loc 1 116 5 is_stmt 0 view .LVU148
 558 001c 90B1     		cbz	r0, .L42
 119:Core/Src/FAT/diskio.c **** 
 559              		.loc 1 119 3 is_stmt 1 view .LVU149
 560 001e 2A46     		mov	r2, r5
 561 0020 3021     		movs	r1, #48
 562 0022 2046     		mov	r0, r4
 563              	.LVL74:
 119:Core/Src/FAT/diskio.c **** 
 564              		.loc 1 119 3 is_stmt 0 view .LVU150
 565 0024 FFF7FEFF 		bl	CfCmd
 566              	.LVL75:
 121:Core/Src/FAT/diskio.c **** 
 567              		.loc 1 121 3 is_stmt 1 view .LVU151
 121:Core/Src/FAT/diskio.c **** 
 568              		.loc 1 121 12 is_stmt 0 view .LVU152
 569 0028 FFF7FEFF 		bl	check_stat_of_compact_flash
 570              	.LVL76:
 123:Core/Src/FAT/diskio.c **** 				  return RES_NOTRDY;
 571              		.loc 1 123 3 is_stmt 1 view .LVU153
 123:Core/Src/FAT/diskio.c **** 				  return RES_NOTRDY;
 572              		.loc 1 123 5 is_stmt 0 view .LVU154
 573 002c 60B1     		cbz	r0, .L43
 126:Core/Src/FAT/diskio.c **** 		post_write_compact_flash(m_CartId);
 574              		.loc 1 126 3 is_stmt 1 view .LVU155
 575 002e 4FF40071 		mov	r1, #512
 576 0032 3846     		mov	r0, r7
 577              	.LVL77:
 126:Core/Src/FAT/diskio.c **** 		post_write_compact_flash(m_CartId);
ARM GAS  C:\Users\HP-Admin\AppData\Local\Temp\cck2CHQK.s 			page 17


 578              		.loc 1 126 3 is_stmt 0 view .LVU156
 579 0034 FFF7FEFF 		bl	compact_flash_write
 580              	.LVL78:
 127:Core/Src/FAT/diskio.c **** 
 581              		.loc 1 127 3 is_stmt 1 view .LVU157
 582 0038 044B     		ldr	r3, .L49
 583 003a 1878     		ldrb	r0, [r3]	@ zero_extendqisi2
 584 003c FFF7FEFF 		bl	post_write_compact_flash
 585              	.LVL79:
 129:Core/Src/FAT/diskio.c **** 	}
 586              		.loc 1 129 3 view .LVU158
 129:Core/Src/FAT/diskio.c **** 	}
 587              		.loc 1 129 7 is_stmt 0 view .LVU159
 588 0040 3046     		mov	r0, r6
 589              	.LVL80:
 590              	.L40:
 135:Core/Src/FAT/diskio.c **** #endif
 591              		.loc 1 135 1 view .LVU160
 592 0042 F8BD     		pop	{r3, r4, r5, r6, r7, pc}
 593              	.LVL81:
 594              	.L42:
 117:Core/Src/FAT/diskio.c **** 
 595              		.loc 1 117 14 view .LVU161
 596 0044 0320     		movs	r0, #3
 597              	.LVL82:
 117:Core/Src/FAT/diskio.c **** 
 598              		.loc 1 117 14 view .LVU162
 599 0046 FCE7     		b	.L40
 600              	.LVL83:
 601              	.L43:
 124:Core/Src/FAT/diskio.c **** 
 602              		.loc 1 124 14 view .LVU163
 603 0048 0320     		movs	r0, #3
 604              	.LVL84:
 124:Core/Src/FAT/diskio.c **** 
 605              		.loc 1 124 14 view .LVU164
 606 004a FAE7     		b	.L40
 607              	.L50:
 608              		.align	2
 609              	.L49:
 610 004c 00000000 		.word	.LANCHOR1
 611              		.cfi_endproc
 612              	.LFE137:
 614              		.section	.text.disk_ioctl,"ax",%progbits
 615              		.align	1
 616              		.global	disk_ioctl
 617              		.syntax unified
 618              		.thumb
 619              		.thumb_func
 621              	disk_ioctl:
 622              	.LVL85:
 623              	.LFB138:
 139:Core/Src/FAT/diskio.c **** DRESULT res;  
 624              		.loc 1 139 1 is_stmt 1 view -0
 625              		.cfi_startproc
 626              		@ args = 0, pretend = 0, frame = 0
 627              		@ frame_needed = 0, uses_anonymous_args = 0
ARM GAS  C:\Users\HP-Admin\AppData\Local\Temp\cck2CHQK.s 			page 18


 140:Core/Src/FAT/diskio.c **** unsigned int RdData;
 628              		.loc 1 140 1 view .LVU166
 141:Core/Src/FAT/diskio.c **** 
 629              		.loc 1 141 1 view .LVU167
 143:Core/Src/FAT/diskio.c ****     if(drv == INT_CF)
 630              		.loc 1 143 1 view .LVU168
 144:Core/Src/FAT/diskio.c ****     { 
 631              		.loc 1 144 5 view .LVU169
 144:Core/Src/FAT/diskio.c ****     { 
 632              		.loc 1 144 7 is_stmt 0 view .LVU170
 633 0000 0028     		cmp	r0, #0
 634 0002 43D1     		bne	.L59
 139:Core/Src/FAT/diskio.c **** DRESULT res;  
 635              		.loc 1 139 1 view .LVU171
 636 0004 70B5     		push	{r4, r5, r6, lr}
 637              	.LCFI5:
 638              		.cfi_def_cfa_offset 16
 639              		.cfi_offset 4, -16
 640              		.cfi_offset 5, -12
 641              		.cfi_offset 6, -8
 642              		.cfi_offset 14, -4
 643 0006 1446     		mov	r4, r2
 644 0008 0546     		mov	r5, r0
 147:Core/Src/FAT/diskio.c ****       {
 645              		.loc 1 147 7 is_stmt 1 view .LVU172
 646 000a 0429     		cmp	r1, #4
 647 000c 3AD8     		bhi	.L53
 648 000e DFE801F0 		tbb	[pc, r1]
 649              	.L55:
 650 0012 3F       		.byte	(.L60-.L55)/2
 651 0013 03       		.byte	(.L58-.L55)/2
 652 0014 2D       		.byte	(.L57-.L55)/2
 653 0015 31       		.byte	(.L56-.L55)/2
 654 0016 35       		.byte	(.L54-.L55)/2
 655 0017 00       		.p2align 1
 656              	.L58:
 657              	.LBB2:
 157:Core/Src/FAT/diskio.c ****         		                Status = compact_flash_ready();
 658              		.loc 1 157 30 view .LVU173
 659 0018 204B     		ldr	r3, .L67
 660 001a 1878     		ldrb	r0, [r3]	@ zero_extendqisi2
 661              	.LVL86:
 157:Core/Src/FAT/diskio.c ****         		                Status = compact_flash_ready();
 662              		.loc 1 157 30 is_stmt 0 view .LVU174
 663 001c FFF7FEFF 		bl	pre_read_compact_flash
 664              	.LVL87:
 158:Core/Src/FAT/diskio.c ****         		                if(!Status)
 665              		.loc 1 158 27 is_stmt 1 view .LVU175
 158:Core/Src/FAT/diskio.c ****         		                if(!Status)
 666              		.loc 1 158 36 is_stmt 0 view .LVU176
 667 0020 FFF7FEFF 		bl	compact_flash_ready
 668              	.LVL88:
 159:Core/Src/FAT/diskio.c ****         			              return RES_NOTRDY;
 669              		.loc 1 159 27 is_stmt 1 view .LVU177
 159:Core/Src/FAT/diskio.c ****         			              return RES_NOTRDY;
 670              		.loc 1 159 29 is_stmt 0 view .LVU178
 671 0024 B0B3     		cbz	r0, .L61
ARM GAS  C:\Users\HP-Admin\AppData\Local\Temp\cck2CHQK.s 			page 19


 162:Core/Src/FAT/diskio.c ****         		                Status = check_stat_of_compact_flash();
 672              		.loc 1 162 27 is_stmt 1 view .LVU179
 673 0026 0022     		movs	r2, #0
 674 0028 EC21     		movs	r1, #236
 675 002a 1046     		mov	r0, r2
 676              	.LVL89:
 162:Core/Src/FAT/diskio.c ****         		                Status = check_stat_of_compact_flash();
 677              		.loc 1 162 27 is_stmt 0 view .LVU180
 678 002c FFF7FEFF 		bl	CfCmd
 679              	.LVL90:
 163:Core/Src/FAT/diskio.c ****         		                if(!Status)
 680              		.loc 1 163 27 is_stmt 1 view .LVU181
 163:Core/Src/FAT/diskio.c ****         		                if(!Status)
 681              		.loc 1 163 36 is_stmt 0 view .LVU182
 682 0030 FFF7FEFF 		bl	check_stat_of_compact_flash
 683              	.LVL91:
 164:Core/Src/FAT/diskio.c **** 
 684              		.loc 1 164 27 is_stmt 1 view .LVU183
 164:Core/Src/FAT/diskio.c **** 
 685              		.loc 1 164 29 is_stmt 0 view .LVU184
 686 0034 80B3     		cbz	r0, .L62
 168:Core/Src/FAT/diskio.c ****         		                //RdData = (RdBuf[35] << 24) | (RdBuf[34] << 16) | (RdBuf[33] << 8) | (Rd
 687              		.loc 1 168 27 is_stmt 1 view .LVU185
 688 0036 1A4E     		ldr	r6, .L67+4
 689 0038 4FF40071 		mov	r1, #512
 690 003c 3046     		mov	r0, r6
 691              	.LVL92:
 168:Core/Src/FAT/diskio.c ****         		                //RdData = (RdBuf[35] << 24) | (RdBuf[34] << 16) | (RdBuf[33] << 8) | (Rd
 692              		.loc 1 168 27 is_stmt 0 view .LVU186
 693 003e FFF7FEFF 		bl	compact_flash_read
 694              	.LVL93:
 170:Core/Src/FAT/diskio.c ****         		                unsigned int word61 = RdBuf[122] | (RdBuf[123] << 8);  // Word 61: Upper 
 695              		.loc 1 170 27 is_stmt 1 view .LVU187
 170:Core/Src/FAT/diskio.c ****         		                unsigned int word61 = RdBuf[122] | (RdBuf[123] << 8);  // Word 61: Upper 
 696              		.loc 1 170 54 is_stmt 0 view .LVU188
 697 0042 96F87830 		ldrb	r3, [r6, #120]	@ zero_extendqisi2
 170:Core/Src/FAT/diskio.c ****         		                unsigned int word61 = RdBuf[122] | (RdBuf[123] << 8);  // Word 61: Upper 
 698              		.loc 1 170 68 view .LVU189
 699 0046 96F87920 		ldrb	r2, [r6, #121]	@ zero_extendqisi2
 170:Core/Src/FAT/diskio.c ****         		                unsigned int word61 = RdBuf[122] | (RdBuf[123] << 8);  // Word 61: Upper 
 700              		.loc 1 170 60 view .LVU190
 701 004a 43EA0223 		orr	r3, r3, r2, lsl #8
 702              	.LVL94:
 171:Core/Src/FAT/diskio.c ****         		                RdData = ((unsigned long)word61 << 16) | word60;
 703              		.loc 1 171 27 is_stmt 1 view .LVU191
 171:Core/Src/FAT/diskio.c ****         		                RdData = ((unsigned long)word61 << 16) | word60;
 704              		.loc 1 171 54 is_stmt 0 view .LVU192
 705 004e 96F87A20 		ldrb	r2, [r6, #122]	@ zero_extendqisi2
 171:Core/Src/FAT/diskio.c ****         		                RdData = ((unsigned long)word61 << 16) | word60;
 706              		.loc 1 171 68 view .LVU193
 707 0052 96F87B10 		ldrb	r1, [r6, #123]	@ zero_extendqisi2
 171:Core/Src/FAT/diskio.c ****         		                RdData = ((unsigned long)word61 << 16) | word60;
 708              		.loc 1 171 60 view .LVU194
 709 0056 42EA0122 		orr	r2, r2, r1, lsl #8
 710              	.LVL95:
 172:Core/Src/FAT/diskio.c **** 
 711              		.loc 1 172 27 is_stmt 1 view .LVU195
ARM GAS  C:\Users\HP-Admin\AppData\Local\Temp\cck2CHQK.s 			page 20


 172:Core/Src/FAT/diskio.c **** 
 712              		.loc 1 172 34 is_stmt 0 view .LVU196
 713 005a 43EA0243 		orr	r3, r3, r2, lsl #16
 714              	.LVL96:
 174:Core/Src/FAT/diskio.c ****         		                //*buff  = 2047248 ; //This is Bad...
 715              		.loc 1 174 27 is_stmt 1 view .LVU197
 174:Core/Src/FAT/diskio.c ****         		                //*buff  = 2047248 ; //This is Bad...
 716              		.loc 1 174 34 is_stmt 0 view .LVU198
 717 005e 2360     		str	r3, [r4]
 718              	.LVL97:
 176:Core/Src/FAT/diskio.c **** 
 719              		.loc 1 176 27 is_stmt 1 view .LVU199
 720 0060 0E4B     		ldr	r3, .L67
 721              	.LVL98:
 176:Core/Src/FAT/diskio.c **** 
 722              		.loc 1 176 27 is_stmt 0 view .LVU200
 723 0062 1878     		ldrb	r0, [r3]	@ zero_extendqisi2
 724 0064 FFF7FEFF 		bl	post_read_compact_flash
 725              	.LVL99:
 178:Core/Src/FAT/diskio.c ****         case    GET_SECTOR_SIZE:
 726              		.loc 1 178 30 is_stmt 1 view .LVU201
 727              	.LBE2:
 196:Core/Src/FAT/diskio.c **** }
 728              		.loc 1 196 12 is_stmt 0 view .LVU202
 729 0068 2846     		mov	r0, r5
 730              	.LBB3:
 178:Core/Src/FAT/diskio.c ****         case    GET_SECTOR_SIZE:
 731              		.loc 1 178 30 view .LVU203
 732 006a 12E0     		b	.L52
 733              	.LVL100:
 734              	.L57:
 180:Core/Src/FAT/diskio.c ****                                 break;
 735              		.loc 1 180 33 is_stmt 1 view .LVU204
 180:Core/Src/FAT/diskio.c ****                                 break;
 736              		.loc 1 180 40 is_stmt 0 view .LVU205
 737 006c 4FF40073 		mov	r3, #512
 738 0070 1360     		str	r3, [r2]
 181:Core/Src/FAT/diskio.c ****         case     GET_BLOCK_SIZE:
 739              		.loc 1 181 33 is_stmt 1 view .LVU206
 740 0072 0EE0     		b	.L52
 741              	.L56:
 183:Core/Src/FAT/diskio.c ****                                 break;
 742              		.loc 1 183 33 view .LVU207
 183:Core/Src/FAT/diskio.c ****                                 break;
 743              		.loc 1 183 40 is_stmt 0 view .LVU208
 744 0074 4FF40073 		mov	r3, #512
 745 0078 1360     		str	r3, [r2]
 184:Core/Src/FAT/diskio.c ****         case  CTRL_ERASE_SECTOR:
 746              		.loc 1 184 33 is_stmt 1 view .LVU209
 747 007a 0AE0     		b	.L52
 748              	.L54:
 186:Core/Src/FAT/diskio.c ****                                 break;
 749              		.loc 1 186 33 view .LVU210
 186:Core/Src/FAT/diskio.c ****                                 break;
 750              		.loc 1 186 40 is_stmt 0 view .LVU211
 751 007c 4FF40073 		mov	r3, #512
 752 0080 1360     		str	r3, [r2]
ARM GAS  C:\Users\HP-Admin\AppData\Local\Temp\cck2CHQK.s 			page 21


 187:Core/Src/FAT/diskio.c ****         default:
 753              		.loc 1 187 33 is_stmt 1 view .LVU212
 754 0082 06E0     		b	.L52
 755              	.L53:
 189:Core/Src/FAT/diskio.c ****                                 res = RES_ERROR;
 756              		.loc 1 189 33 view .LVU213
 189:Core/Src/FAT/diskio.c ****                                 res = RES_ERROR;
 757              		.loc 1 189 40 is_stmt 0 view .LVU214
 758 0084 0023     		movs	r3, #0
 759 0086 1360     		str	r3, [r2]
 190:Core/Src/FAT/diskio.c ****                                 return res;
 760              		.loc 1 190 33 is_stmt 1 view .LVU215
 761              	.LVL101:
 191:Core/Src/FAT/diskio.c ****                                 break;                     
 762              		.loc 1 191 33 view .LVU216
 191:Core/Src/FAT/diskio.c ****                                 break;                     
 763              		.loc 1 191 40 is_stmt 0 view .LVU217
 764 0088 0120     		movs	r0, #1
 765              	.LVL102:
 191:Core/Src/FAT/diskio.c ****                                 break;                     
 766              		.loc 1 191 40 view .LVU218
 767 008a 02E0     		b	.L52
 768              	.LVL103:
 769              	.L59:
 770              	.LCFI6:
 771              		.cfi_def_cfa_offset 0
 772              		.cfi_restore 4
 773              		.cfi_restore 5
 774              		.cfi_restore 6
 775              		.cfi_restore 14
 191:Core/Src/FAT/diskio.c ****                                 break;                     
 776              		.loc 1 191 40 view .LVU219
 777              	.LBE3:
 196:Core/Src/FAT/diskio.c **** }
 778              		.loc 1 196 12 view .LVU220
 779 008c 0020     		movs	r0, #0
 780              	.LVL104:
 197:Core/Src/FAT/diskio.c **** 
 781              		.loc 1 197 1 view .LVU221
 782 008e 7047     		bx	lr
 783              	.LVL105:
 784              	.L60:
 785              	.LCFI7:
 786              		.cfi_def_cfa_offset 16
 787              		.cfi_offset 4, -16
 788              		.cfi_offset 5, -12
 789              		.cfi_offset 6, -8
 790              		.cfi_offset 14, -4
 147:Core/Src/FAT/diskio.c ****       {
 791              		.loc 1 147 7 view .LVU222
 792 0090 0846     		mov	r0, r1
 793              	.LVL106:
 794              	.L52:
 197:Core/Src/FAT/diskio.c **** 
 795              		.loc 1 197 1 view .LVU223
 796 0092 70BD     		pop	{r4, r5, r6, pc}
 797              	.LVL107:
ARM GAS  C:\Users\HP-Admin\AppData\Local\Temp\cck2CHQK.s 			page 22


 798              	.L61:
 799              	.LBB4:
 160:Core/Src/FAT/diskio.c **** 
 800              		.loc 1 160 33 view .LVU224
 801 0094 0320     		movs	r0, #3
 802              	.LVL108:
 160:Core/Src/FAT/diskio.c **** 
 803              		.loc 1 160 33 view .LVU225
 804 0096 FCE7     		b	.L52
 805              	.LVL109:
 806              	.L62:
 166:Core/Src/FAT/diskio.c **** 
 807              		.loc 1 166 36 view .LVU226
 808 0098 0320     		movs	r0, #3
 809              	.LVL110:
 166:Core/Src/FAT/diskio.c **** 
 810              		.loc 1 166 36 view .LVU227
 811 009a FAE7     		b	.L52
 812              	.L68:
 813              		.align	2
 814              	.L67:
 815 009c 00000000 		.word	.LANCHOR1
 816 00a0 00000000 		.word	.LANCHOR2
 817              	.LBE4:
 818              		.cfi_endproc
 819              	.LFE138:
 821              		.section	.text.ChkCF,"ax",%progbits
 822              		.align	1
 823              		.global	ChkCF
 824              		.syntax unified
 825              		.thumb
 826              		.thumb_func
 828              	ChkCF:
 829              	.LFB142:
 283:Core/Src/FAT/diskio.c **** 
 284:Core/Src/FAT/diskio.c **** unsigned char ChkCF(void)
 285:Core/Src/FAT/diskio.c **** {
 830              		.loc 1 285 1 is_stmt 1 view -0
 831              		.cfi_startproc
 832              		@ args = 0, pretend = 0, frame = 0
 833              		@ frame_needed = 0, uses_anonymous_args = 0
 834              		@ link register save eliminated.
 286:Core/Src/FAT/diskio.c ****    unsigned char CfDetect = 0;
 835              		.loc 1 286 4 view .LVU229
 836              	.LVL111:
 287:Core/Src/FAT/diskio.c ****    //TODO: To be implemented
 288:Core/Src/FAT/diskio.c ****    //CfDetect = IORD_8DIRECT(CFDETECT_BASE,0x00);
 289:Core/Src/FAT/diskio.c ****    //CfDetect = (CfDetect & 0x01);
 290:Core/Src/FAT/diskio.c ****    return(CfDetect);
 837              		.loc 1 290 4 view .LVU230
 291:Core/Src/FAT/diskio.c **** }
 838              		.loc 1 291 1 is_stmt 0 view .LVU231
 839 0000 0020     		movs	r0, #0
 840 0002 7047     		bx	lr
 841              		.cfi_endproc
 842              	.LFE142:
 844              		.section	.text.RstCf,"ax",%progbits
ARM GAS  C:\Users\HP-Admin\AppData\Local\Temp\cck2CHQK.s 			page 23


 845              		.align	1
 846              		.global	RstCf
 847              		.syntax unified
 848              		.thumb
 849              		.thumb_func
 851              	RstCf:
 852              	.LFB143:
 292:Core/Src/FAT/diskio.c **** 
 293:Core/Src/FAT/diskio.c **** void RstCf(void)
 294:Core/Src/FAT/diskio.c **** {
 853              		.loc 1 294 1 is_stmt 1 view -0
 854              		.cfi_startproc
 855              		@ args = 0, pretend = 0, frame = 0
 856              		@ frame_needed = 0, uses_anonymous_args = 0
 857 0000 10B5     		push	{r4, lr}
 858              	.LCFI8:
 859              		.cfi_def_cfa_offset 8
 860              		.cfi_offset 4, -8
 861              		.cfi_offset 14, -4
 295:Core/Src/FAT/diskio.c **** 	//TODO: To be implemented
 296:Core/Src/FAT/diskio.c ****    //IOWR_32DIRECT(CFNRST_BASE,0x00,0x00000000);
 297:Core/Src/FAT/diskio.c ****    HAL_GPIO_WritePin(GPIOA, C3_PWR_CYCLE_Pin, 0);
 862              		.loc 1 297 4 view .LVU233
 863 0002 0A4C     		ldr	r4, .L72
 864 0004 0022     		movs	r2, #0
 865 0006 8021     		movs	r1, #128
 866 0008 2046     		mov	r0, r4
 867 000a FFF7FEFF 		bl	HAL_GPIO_WritePin
 868              	.LVL112:
 298:Core/Src/FAT/diskio.c ****    short_delay_us(1000);
 869              		.loc 1 298 4 view .LVU234
 870 000e 4FF47A70 		mov	r0, #1000
 871 0012 FFF7FEFF 		bl	short_delay_us
 872              	.LVL113:
 299:Core/Src/FAT/diskio.c ****    HAL_GPIO_WritePin(GPIOA, C3_PWR_CYCLE_Pin, 1);
 873              		.loc 1 299 4 view .LVU235
 874 0016 0122     		movs	r2, #1
 875 0018 8021     		movs	r1, #128
 876 001a 2046     		mov	r0, r4
 877 001c FFF7FEFF 		bl	HAL_GPIO_WritePin
 878              	.LVL114:
 300:Core/Src/FAT/diskio.c ****    short_delay_us(1000);
 879              		.loc 1 300 4 view .LVU236
 880 0020 4FF47A70 		mov	r0, #1000
 881 0024 FFF7FEFF 		bl	short_delay_us
 882              	.LVL115:
 301:Core/Src/FAT/diskio.c ****    //IOWR_32DIRECT(CFNRST_BASE,0x00,0xFFFFFFFF);
 302:Core/Src/FAT/diskio.c ****    //Delay(1000,1000);
 303:Core/Src/FAT/diskio.c **** }
 883              		.loc 1 303 1 is_stmt 0 view .LVU237
 884 0028 10BD     		pop	{r4, pc}
 885              	.L73:
 886 002a 00BF     		.align	2
 887              	.L72:
 888 002c 00000240 		.word	1073872896
 889              		.cfi_endproc
 890              	.LFE143:
ARM GAS  C:\Users\HP-Admin\AppData\Local\Temp\cck2CHQK.s 			page 24


 892              		.section	.text.disk_initialize,"ax",%progbits
 893              		.align	1
 894              		.global	disk_initialize
 895              		.syntax unified
 896              		.thumb
 897              		.thumb_func
 899              	disk_initialize:
 900              	.LVL116:
 901              	.LFB134:
  39:Core/Src/FAT/diskio.c ****  DSTATUS stat;
 902              		.loc 1 39 1 is_stmt 1 view -0
 903              		.cfi_startproc
 904              		@ args = 0, pretend = 0, frame = 0
 905              		@ frame_needed = 0, uses_anonymous_args = 0
  39:Core/Src/FAT/diskio.c ****  DSTATUS stat;
 906              		.loc 1 39 1 is_stmt 0 view .LVU239
 907 0000 10B5     		push	{r4, lr}
 908              	.LCFI9:
 909              		.cfi_def_cfa_offset 8
 910              		.cfi_offset 4, -8
 911              		.cfi_offset 14, -4
  40:Core/Src/FAT/diskio.c ****  unsigned char Status;
 912              		.loc 1 40 2 is_stmt 1 view .LVU240
  41:Core/Src/FAT/diskio.c ****     
 913              		.loc 1 41 2 view .LVU241
  43:Core/Src/FAT/diskio.c ****     {
 914              		.loc 1 43 5 view .LVU242
  43:Core/Src/FAT/diskio.c ****     {
 915              		.loc 1 43 7 is_stmt 0 view .LVU243
 916 0002 40B9     		cbnz	r0, .L77
  45:Core/Src/FAT/diskio.c ****        if(Status == 0)
 917              		.loc 1 45 8 is_stmt 1 view .LVU244
  45:Core/Src/FAT/diskio.c ****        if(Status == 0)
 918              		.loc 1 45 17 is_stmt 0 view .LVU245
 919 0004 FFF7FEFF 		bl	ChkCF
 920              	.LVL117:
  46:Core/Src/FAT/diskio.c ****         { 
 921              		.loc 1 46 8 is_stmt 1 view .LVU246
  46:Core/Src/FAT/diskio.c ****         { 
 922              		.loc 1 46 10 is_stmt 0 view .LVU247
 923 0008 0446     		mov	r4, r0
 924 000a 00B1     		cbz	r0, .L76
  52:Core/Src/FAT/diskio.c ****         }
 925              		.loc 1 52 15 view .LVU248
 926 000c 0224     		movs	r4, #2
 927              	.L76:
 928              	.LVL118:
  54:Core/Src/FAT/diskio.c ****        return stat;
 929              		.loc 1 54 8 is_stmt 1 view .LVU249
 930 000e FFF7FEFF 		bl	RstCf
 931              	.LVL119:
  55:Core/Src/FAT/diskio.c ****     }
 932              		.loc 1 55 8 view .LVU250
 933              	.L75:
  61:Core/Src/FAT/diskio.c **** 
 934              		.loc 1 61 1 is_stmt 0 view .LVU251
 935 0012 2046     		mov	r0, r4
ARM GAS  C:\Users\HP-Admin\AppData\Local\Temp\cck2CHQK.s 			page 25


 936 0014 10BD     		pop	{r4, pc}
 937              	.LVL120:
 938              	.L77:
  59:Core/Src/FAT/diskio.c ****     }
 939              		.loc 1 59 11 view .LVU252
 940 0016 0124     		movs	r4, #1
 941 0018 FBE7     		b	.L75
 942              		.cfi_endproc
 943              	.LFE134:
 945              		.section	.text.Delay,"ax",%progbits
 946              		.align	1
 947              		.global	Delay
 948              		.syntax unified
 949              		.thumb
 950              		.thumb_func
 952              	Delay:
 953              	.LVL121:
 954              	.LFB144:
 304:Core/Src/FAT/diskio.c **** 
 305:Core/Src/FAT/diskio.c **** void Delay(unsigned int a,unsigned int b)
 306:Core/Src/FAT/diskio.c **** {
 955              		.loc 1 306 1 is_stmt 1 view -0
 956              		.cfi_startproc
 957              		@ args = 0, pretend = 0, frame = 0
 958              		@ frame_needed = 0, uses_anonymous_args = 0
 959              		@ link register save eliminated.
 307:Core/Src/FAT/diskio.c ****   unsigned int x,y;
 960              		.loc 1 307 3 view .LVU254
 308:Core/Src/FAT/diskio.c ****   for(x=0;x<a;x++)
 961              		.loc 1 308 3 view .LVU255
 962              		.loc 1 308 8 is_stmt 0 view .LVU256
 963 0000 0022     		movs	r2, #0
 964              		.loc 1 308 3 view .LVU257
 965 0002 03E0     		b	.L81
 966              	.LVL122:
 967              	.L82:
 309:Core/Src/FAT/diskio.c ****   {
 310:Core/Src/FAT/diskio.c ****      for(y=0;y<b;y++)
 311:Core/Src/FAT/diskio.c ****      {
 312:Core/Src/FAT/diskio.c ****         
 313:Core/Src/FAT/diskio.c ****      }
 968              		.loc 1 313 6 is_stmt 1 discriminator 3 view .LVU258
 310:Core/Src/FAT/diskio.c ****      {
 969              		.loc 1 310 18 discriminator 3 view .LVU259
 310:Core/Src/FAT/diskio.c ****      {
 970              		.loc 1 310 19 is_stmt 0 discriminator 3 view .LVU260
 971 0004 0133     		adds	r3, r3, #1
 972              	.LVL123:
 973              	.L83:
 310:Core/Src/FAT/diskio.c ****      {
 974              		.loc 1 310 14 is_stmt 1 discriminator 1 view .LVU261
 310:Core/Src/FAT/diskio.c ****      {
 975              		.loc 1 310 6 is_stmt 0 discriminator 1 view .LVU262
 976 0006 8B42     		cmp	r3, r1
 977 0008 FCD3     		bcc	.L82
 308:Core/Src/FAT/diskio.c ****   for(x=0;x<a;x++)
 978              		.loc 1 308 15 is_stmt 1 discriminator 2 view .LVU263
ARM GAS  C:\Users\HP-Admin\AppData\Local\Temp\cck2CHQK.s 			page 26


 308:Core/Src/FAT/diskio.c ****   for(x=0;x<a;x++)
 979              		.loc 1 308 16 is_stmt 0 discriminator 2 view .LVU264
 980 000a 0132     		adds	r2, r2, #1
 981              	.LVL124:
 982              	.L81:
 308:Core/Src/FAT/diskio.c ****   for(x=0;x<a;x++)
 983              		.loc 1 308 11 is_stmt 1 discriminator 1 view .LVU265
 308:Core/Src/FAT/diskio.c ****   for(x=0;x<a;x++)
 984              		.loc 1 308 3 is_stmt 0 discriminator 1 view .LVU266
 985 000c 8242     		cmp	r2, r0
 986 000e 01D2     		bcs	.L85
 310:Core/Src/FAT/diskio.c ****      {
 987              		.loc 1 310 11 view .LVU267
 988 0010 0023     		movs	r3, #0
 989 0012 F8E7     		b	.L83
 990              	.L85:
 314:Core/Src/FAT/diskio.c ****   }  
 315:Core/Src/FAT/diskio.c **** }
 991              		.loc 1 315 1 view .LVU268
 992 0014 7047     		bx	lr
 993              		.cfi_endproc
 994              	.LFE144:
 996              		.section	.text.SetCartNo,"ax",%progbits
 997              		.align	1
 998              		.global	SetCartNo
 999              		.syntax unified
 1000              		.thumb
 1001              		.thumb_func
 1003              	SetCartNo:
 1004              	.LVL125:
 1005              	.LFB145:
 316:Core/Src/FAT/diskio.c **** 
 317:Core/Src/FAT/diskio.c **** void SetCartNo(CartridgeID id)
 318:Core/Src/FAT/diskio.c **** {
 1006              		.loc 1 318 1 is_stmt 1 view -0
 1007              		.cfi_startproc
 1008              		@ args = 0, pretend = 0, frame = 0
 1009              		@ frame_needed = 0, uses_anonymous_args = 0
 1010              		@ link register save eliminated.
 319:Core/Src/FAT/diskio.c **** 	m_CartId = id;
 1011              		.loc 1 319 2 view .LVU270
 1012              		.loc 1 319 11 is_stmt 0 view .LVU271
 1013 0000 014B     		ldr	r3, .L87
 1014 0002 1870     		strb	r0, [r3]
 320:Core/Src/FAT/diskio.c **** }
 1015              		.loc 1 320 1 view .LVU272
 1016 0004 7047     		bx	lr
 1017              	.L88:
 1018 0006 00BF     		.align	2
 1019              	.L87:
 1020 0008 00000000 		.word	.LANCHOR1
 1021              		.cfi_endproc
 1022              	.LFE145:
 1024              		.global	m_CartId
 1025              		.global	CF_OE1
 1026              		.global	RdBuf
 1027              		.section	.bss.RdBuf,"aw",%nobits
ARM GAS  C:\Users\HP-Admin\AppData\Local\Temp\cck2CHQK.s 			page 27


 1028              		.align	2
 1029              		.set	.LANCHOR2,. + 0
 1032              	RdBuf:
 1033 0000 00000000 		.space	512
 1033      00000000 
 1033      00000000 
 1033      00000000 
 1033      00000000 
 1034              		.section	.bss.m_CartId,"aw",%nobits
 1035              		.set	.LANCHOR1,. + 0
 1038              	m_CartId:
 1039 0000 00       		.space	1
 1040              		.section	.data.CF_OE1,"aw"
 1041              		.align	1
 1042              		.set	.LANCHOR0,. + 0
 1045              	CF_OE1:
 1046 0000 0800     		.short	8
 1047              		.text
 1048              	.Letext0:
 1049              		.file 2 "c:\\program files (x86)\\gnu arm embedded toolchain\\10 2021.10\\arm-none-eabi\\include\\
 1050              		.file 3 "c:\\program files (x86)\\gnu arm embedded toolchain\\10 2021.10\\arm-none-eabi\\include\\
 1051              		.file 4 "Core/Src/FAT/integer.h"
 1052              		.file 5 "Core/Src/FAT/diskio.h"
 1053              		.file 6 "Drivers/CMSIS/Device/ST/STM32F4xx/Include/stm32f411xe.h"
 1054              		.file 7 "Core/Src/FAT/../Darin3Cart_Driver.h"
 1055              		.file 8 "Drivers/STM32F4xx_HAL_Driver/Inc/stm32f4xx_hal_gpio.h"
ARM GAS  C:\Users\HP-Admin\AppData\Local\Temp\cck2CHQK.s 			page 28


DEFINED SYMBOLS
                            *ABS*:00000000 diskio.c
C:\Users\HP-Admin\AppData\Local\Temp\cck2CHQK.s:20     .text.get_fattime:00000000 $t
C:\Users\HP-Admin\AppData\Local\Temp\cck2CHQK.s:26     .text.get_fattime:00000000 get_fattime
C:\Users\HP-Admin\AppData\Local\Temp\cck2CHQK.s:42     .text.disk_status:00000000 $t
C:\Users\HP-Admin\AppData\Local\Temp\cck2CHQK.s:48     .text.disk_status:00000000 disk_status
C:\Users\HP-Admin\AppData\Local\Temp\cck2CHQK.s:72     .text.ChkCFRdyForCmd:00000000 $t
C:\Users\HP-Admin\AppData\Local\Temp\cck2CHQK.s:78     .text.ChkCFRdyForCmd:00000000 ChkCFRdyForCmd
C:\Users\HP-Admin\AppData\Local\Temp\cck2CHQK.s:204    .text.ChkCFRdyForCmd:00000078 $d
C:\Users\HP-Admin\AppData\Local\Temp\cck2CHQK.s:211    .text.ChkCFRdyForData:00000000 $t
C:\Users\HP-Admin\AppData\Local\Temp\cck2CHQK.s:217    .text.ChkCFRdyForData:00000000 ChkCFRdyForData
C:\Users\HP-Admin\AppData\Local\Temp\cck2CHQK.s:342    .text.ChkCFRdyForData:00000078 $d
C:\Users\HP-Admin\AppData\Local\Temp\cck2CHQK.s:349    .text.CfCmd:00000000 $t
C:\Users\HP-Admin\AppData\Local\Temp\cck2CHQK.s:355    .text.CfCmd:00000000 CfCmd
C:\Users\HP-Admin\AppData\Local\Temp\cck2CHQK.s:391    .text.disk_read:00000000 $t
C:\Users\HP-Admin\AppData\Local\Temp\cck2CHQK.s:397    .text.disk_read:00000000 disk_read
C:\Users\HP-Admin\AppData\Local\Temp\cck2CHQK.s:498    .text.disk_read:0000004c $d
C:\Users\HP-Admin\AppData\Local\Temp\cck2CHQK.s:503    .text.disk_write:00000000 $t
C:\Users\HP-Admin\AppData\Local\Temp\cck2CHQK.s:509    .text.disk_write:00000000 disk_write
C:\Users\HP-Admin\AppData\Local\Temp\cck2CHQK.s:610    .text.disk_write:0000004c $d
C:\Users\HP-Admin\AppData\Local\Temp\cck2CHQK.s:615    .text.disk_ioctl:00000000 $t
C:\Users\HP-Admin\AppData\Local\Temp\cck2CHQK.s:621    .text.disk_ioctl:00000000 disk_ioctl
C:\Users\HP-Admin\AppData\Local\Temp\cck2CHQK.s:650    .text.disk_ioctl:00000012 $d
C:\Users\HP-Admin\AppData\Local\Temp\cck2CHQK.s:815    .text.disk_ioctl:0000009c $d
C:\Users\HP-Admin\AppData\Local\Temp\cck2CHQK.s:822    .text.ChkCF:00000000 $t
C:\Users\HP-Admin\AppData\Local\Temp\cck2CHQK.s:828    .text.ChkCF:00000000 ChkCF
C:\Users\HP-Admin\AppData\Local\Temp\cck2CHQK.s:845    .text.RstCf:00000000 $t
C:\Users\HP-Admin\AppData\Local\Temp\cck2CHQK.s:851    .text.RstCf:00000000 RstCf
C:\Users\HP-Admin\AppData\Local\Temp\cck2CHQK.s:888    .text.RstCf:0000002c $d
C:\Users\HP-Admin\AppData\Local\Temp\cck2CHQK.s:893    .text.disk_initialize:00000000 $t
C:\Users\HP-Admin\AppData\Local\Temp\cck2CHQK.s:899    .text.disk_initialize:00000000 disk_initialize
C:\Users\HP-Admin\AppData\Local\Temp\cck2CHQK.s:946    .text.Delay:00000000 $t
C:\Users\HP-Admin\AppData\Local\Temp\cck2CHQK.s:952    .text.Delay:00000000 Delay
C:\Users\HP-Admin\AppData\Local\Temp\cck2CHQK.s:997    .text.SetCartNo:00000000 $t
C:\Users\HP-Admin\AppData\Local\Temp\cck2CHQK.s:1003   .text.SetCartNo:00000000 SetCartNo
C:\Users\HP-Admin\AppData\Local\Temp\cck2CHQK.s:1020   .text.SetCartNo:00000008 $d
C:\Users\HP-Admin\AppData\Local\Temp\cck2CHQK.s:1038   .bss.m_CartId:00000000 m_CartId
C:\Users\HP-Admin\AppData\Local\Temp\cck2CHQK.s:1045   .data.CF_OE1:00000000 CF_OE1
C:\Users\HP-Admin\AppData\Local\Temp\cck2CHQK.s:1032   .bss.RdBuf:00000000 RdBuf
C:\Users\HP-Admin\AppData\Local\Temp\cck2CHQK.s:1028   .bss.RdBuf:00000000 $d
C:\Users\HP-Admin\AppData\Local\Temp\cck2CHQK.s:1039   .bss.m_CartId:00000000 $d
C:\Users\HP-Admin\AppData\Local\Temp\cck2CHQK.s:1041   .data.CF_OE1:00000000 $d
C:\Users\HP-Admin\AppData\Local\Temp\cck2CHQK.s:655    .text.disk_ioctl:00000017 $d
C:\Users\HP-Admin\AppData\Local\Temp\cck2CHQK.s:655    .text.disk_ioctl:00000018 $t

UNDEFINED SYMBOLS
Configure_GPIO_IO_D2
write_address_port
HAL_GPIO_WritePin
short_delay_us
Read_port
generic_CF_CMD
pre_read_compact_flash
compact_flash_ready
check_stat_of_compact_flash
compact_flash_read
post_read_compact_flash
ARM GAS  C:\Users\HP-Admin\AppData\Local\Temp\cck2CHQK.s 			page 29


pre_write_compact_flash
compact_flash_write
post_write_compact_flash
